2024-08-06 13:27:23,448 - mmdet - INFO - Environment info:
------------------------------------------------------------
sys.platform: linux
Python: 3.8.17 (default, Jul  5 2023, 21:04:15) [GCC 11.2.0]
CUDA available: True
GPU 0,1,2,3: NVIDIA TITAN V
CUDA_HOME: /usr/local/cuda
NVCC: Cuda compilation tools, release 11.8, V11.8.89
GCC: gcc (GCC) 5.4.0
PyTorch: 1.12.1
PyTorch compiling details: PyTorch built with:
  - GCC 9.3
  - C++ Version: 201402
  - Intel(R) oneAPI Math Kernel Library Version 2023.1-Product Build 20230303 for Intel(R) 64 architecture applications
  - Intel(R) MKL-DNN v2.6.0 (Git Hash 52b5f107dd9cf10910aaa19cb47f3abf9b349815)
  - OpenMP 201511 (a.k.a. OpenMP 4.5)
  - LAPACK is enabled (usually provided by MKL)
  - NNPACK is enabled
  - CPU capability usage: AVX2
  - CUDA Runtime 11.3
  - NVCC architecture flags: -gencode;arch=compute_37,code=sm_37;-gencode;arch=compute_50,code=sm_50;-gencode;arch=compute_60,code=sm_60;-gencode;arch=compute_61,code=sm_61;-gencode;arch=compute_70,code=sm_70;-gencode;arch=compute_75,code=sm_75;-gencode;arch=compute_80,code=sm_80;-gencode;arch=compute_86,code=sm_86;-gencode;arch=compute_37,code=compute_37
  - CuDNN 8.3.2  (built against CUDA 11.5)
  - Magma 2.5.2
  - Build settings: BLAS_INFO=mkl, BUILD_TYPE=Release, CUDA_VERSION=11.3, CUDNN_VERSION=8.3.2, CXX_COMPILER=/opt/rh/devtoolset-9/root/usr/bin/c++, CXX_FLAGS= -fabi-version=11 -Wno-deprecated -fvisibility-inlines-hidden -DUSE_PTHREADPOOL -fopenmp -DNDEBUG -DUSE_KINETO -DUSE_FBGEMM -DUSE_QNNPACK -DUSE_PYTORCH_QNNPACK -DUSE_XNNPACK -DSYMBOLICATE_MOBILE_DEBUG_HANDLE -DEDGE_PROFILER_USE_KINETO -O2 -fPIC -Wno-narrowing -Wall -Wextra -Werror=return-type -Wno-missing-field-initializers -Wno-type-limits -Wno-array-bounds -Wno-unknown-pragmas -Wno-unused-parameter -Wno-unused-function -Wno-unused-result -Wno-unused-local-typedefs -Wno-strict-overflow -Wno-strict-aliasing -Wno-error=deprecated-declarations -Wno-stringop-overflow -Wno-psabi -Wno-error=pedantic -Wno-error=redundant-decls -Wno-error=old-style-cast -fdiagnostics-color=always -faligned-new -Wno-unused-but-set-variable -Wno-maybe-uninitialized -fno-math-errno -fno-trapping-math -Werror=format -Werror=cast-function-type -Wno-stringop-overflow, LAPACK_INFO=mkl, PERF_WITH_AVX=1, PERF_WITH_AVX2=1, PERF_WITH_AVX512=1, TORCH_VERSION=1.12.1, USE_CUDA=ON, USE_CUDNN=ON, USE_EXCEPTION_PTR=1, USE_GFLAGS=OFF, USE_GLOG=OFF, USE_MKL=ON, USE_MKLDNN=OFF, USE_MPI=OFF, USE_NCCL=ON, USE_NNPACK=ON, USE_OPENMP=ON, USE_ROCM=OFF, 

TorchVision: 0.13.1
OpenCV: 4.8.0
MMCV: 1.7.1
MMCV Compiler: GCC 9.3
MMCV CUDA Compiler: 11.3
MMDetection: 2.28.2+f037b55
------------------------------------------------------------

2024-08-06 13:27:23,977 - mmdet - INFO - Distributed training: False
2024-08-06 13:27:24,502 - mmdet - INFO - Config:
dataset_type = 'FLIRA'
data_root = '/home/zhangy/data/FLIR_aligned/format/'
img_norm_cfg = dict(
    mean=[123.675, 116.28, 103.53],
    std=[58.395, 57.12, 57.375],
    to_rgb=True,
    mean_list=([160.915, 163.213, 161.171], [136.095, 136.095, 136.095]),
    std_list=([56.314, 59.272, 63.472], [66.367, 66.367, 66.367]))
train_pipeline = [
    dict(
        type='LoadImagePairFromFile',
        spectrals=('visible', 'thermal'),
        daynight=True),
    dict(type='LoadAnnotations', with_bbox=True),
    dict(type='Resize', img_scale=(640, 512), keep_ratio=True),
    dict(type='RandomFlip', flip_ratio=0.5),
    dict(
        type='MultiNormalize',
        mean_list=([160.915, 163.213, 161.171], [136.095, 136.095, 136.095]),
        std_list=([56.314, 59.272, 63.472], [66.367, 66.367, 66.367]),
        to_rgb=True),
    dict(type='Pad', size_divisor=32),
    dict(type='DefaultFormatBundle'),
    dict(
        type='Collect',
        keys=['img', 'gt_bboxes', 'gt_labels'],
        meta_keys=('filename', 'ori_filename', 'ori_shape', 'img_shape',
                   'pad_shape', 'scale_factor', 'flip', 'flip_direction',
                   'img_norm_cfg', 'dn_labels'))
]
test_pipeline = [
    dict(type='LoadImagePairFromFile', spectrals=('visible', 'thermal')),
    dict(
        type='MultiScaleFlipAug',
        img_scale=(640, 512),
        flip=False,
        transforms=[
            dict(type='Resize', keep_ratio=True),
            dict(type='RandomFlip'),
            dict(
                type='MultiNormalize',
                mean_list=([160.915, 163.213,
                            161.171], [136.095, 136.095, 136.095]),
                std_list=([56.314, 59.272, 63.472], [66.367, 66.367, 66.367]),
                to_rgb=True),
            dict(type='Pad', size_divisor=32),
            dict(type='DefaultFormatBundle'),
            dict(type='Collect', keys=['img'])
        ])
]
data = dict(
    samples_per_gpu=4,
    workers_per_gpu=4,
    train=dict(
        type='FLIRA',
        ann_file='/home/zhangy/data/FLIR_aligned/format/FLIR_train.json',
        img_prefix='/home/zhangy/data/FLIR_aligned/format/train/',
        pipeline=[
            dict(
                type='LoadImagePairFromFile',
                spectrals=('visible', 'thermal'),
                daynight=True),
            dict(type='LoadAnnotations', with_bbox=True),
            dict(type='Resize', img_scale=(640, 512), keep_ratio=True),
            dict(type='RandomFlip', flip_ratio=0.5),
            dict(
                type='MultiNormalize',
                mean_list=([160.915, 163.213,
                            161.171], [136.095, 136.095, 136.095]),
                std_list=([56.314, 59.272, 63.472], [66.367, 66.367, 66.367]),
                to_rgb=True),
            dict(type='Pad', size_divisor=32),
            dict(type='DefaultFormatBundle'),
            dict(
                type='Collect',
                keys=['img', 'gt_bboxes', 'gt_labels'],
                meta_keys=('filename', 'ori_filename', 'ori_shape',
                           'img_shape', 'pad_shape', 'scale_factor', 'flip',
                           'flip_direction', 'img_norm_cfg', 'dn_labels'))
        ]),
    val=dict(
        type='FLIRA',
        ann_file='/home/zhangy/data/FLIR_aligned/format/FLIR_val.json',
        img_prefix='/home/zhangy/data/FLIR_aligned/format/val/',
        pipeline=[
            dict(
                type='LoadImagePairFromFile',
                spectrals=('visible', 'thermal')),
            dict(
                type='MultiScaleFlipAug',
                img_scale=(640, 512),
                flip=False,
                transforms=[
                    dict(type='Resize', keep_ratio=True),
                    dict(type='RandomFlip'),
                    dict(
                        type='MultiNormalize',
                        mean_list=([160.915, 163.213,
                                    161.171], [136.095, 136.095, 136.095]),
                        std_list=([56.314, 59.272,
                                   63.472], [66.367, 66.367, 66.367]),
                        to_rgb=True),
                    dict(type='Pad', size_divisor=32),
                    dict(type='DefaultFormatBundle'),
                    dict(type='Collect', keys=['img'])
                ])
        ]),
    test=dict(
        type='FLIRA',
        ann_file='/home/zhangy/data/FLIR_aligned/format/FLIR_val.json',
        img_prefix='/home/zhangy/data/FLIR_aligned/format/val/',
        pipeline=[
            dict(
                type='LoadImagePairFromFile',
                spectrals=('visible', 'thermal')),
            dict(
                type='MultiScaleFlipAug',
                img_scale=(640, 512),
                flip=False,
                transforms=[
                    dict(type='Resize', keep_ratio=True),
                    dict(type='RandomFlip'),
                    dict(
                        type='MultiNormalize',
                        mean_list=([160.915, 163.213,
                                    161.171], [136.095, 136.095, 136.095]),
                        std_list=([56.314, 59.272,
                                   63.472], [66.367, 66.367, 66.367]),
                        to_rgb=True),
                    dict(type='Pad', size_divisor=32),
                    dict(type='DefaultFormatBundle'),
                    dict(type='Collect', keys=['img'])
                ])
        ]))
evaluation = dict(interval=1, metric='bbox')
optimizer = dict(type='SGD', lr=0.005, momentum=0.9, weight_decay=0.0001)
optimizer_config = dict(grad_clip=None)
lr_config = dict(
    policy='step',
    warmup='linear',
    warmup_iters=500,
    warmup_ratio=0.001,
    step=[8, 11])
runner = dict(type='EpochBasedRunner', max_epochs=12)
checkpoint_config = dict(interval=1)
log_config = dict(interval=50, hooks=[dict(type='TextLoggerHook')])
custom_hooks = [dict(type='NumClassCheckHook')]
dist_params = dict(backend='nccl')
log_level = 'INFO'
load_from = None
resume_from = None
workflow = [('train', 1)]
opencv_num_threads = 0
mp_start_method = 'fork'
auto_scale_lr = dict(enable=False, base_batch_size=16)
model = dict(
    type='TINet',
    backbone=dict(
        type='ResNet',
        depth=50,
        num_stages=4,
        out_indices=(0, 1, 2, 3),
        frozen_stages=1,
        norm_cfg=dict(type='BN', requires_grad=True),
        norm_eval=True,
        style='pytorch',
        init_cfg=dict(type='Pretrained', checkpoint='torchvision://resnet50')),
    neck=dict(
        type='FPN',
        in_channels=[256, 512, 1024, 2048],
        out_channels=256,
        num_outs=5),
    igfw=dict(downsample_size=(64, 64)),
    inter=1,
    intra=1,
    weighted_loss=1,
    w=dict(i=0.5, m=0.5),
    rpn_head=dict(
        type='RPNHead',
        in_channels=256,
        feat_channels=256,
        anchor_generator=dict(
            type='AnchorGenerator',
            scales=[8],
            ratios=[0.5, 1.0, 1.5],
            strides=[4, 8, 16, 32, 64]),
        bbox_coder=dict(
            type='DeltaXYWHBBoxCoder',
            target_means=[0.0, 0.0, 0.0, 0.0],
            target_stds=[1.0, 1.0, 1.0, 1.0]),
        loss_cls=dict(
            type='CrossEntropyLoss', use_sigmoid=True, loss_weight=1.0),
        loss_bbox=dict(type='L1Loss', loss_weight=1.0)),
    roi_head=dict(
        type='StandardRoIHead',
        bbox_roi_extractor=dict(
            type='SingleRoIExtractor',
            roi_layer=dict(type='RoIAlign', output_size=7, sampling_ratio=0),
            out_channels=256,
            featmap_strides=[4, 8, 16, 32]),
        bbox_head=dict(
            type='Shared2FCBBoxHead',
            in_channels=256,
            fc_out_channels=1024,
            roi_feat_size=7,
            num_classes=3,
            bbox_coder=dict(
                type='DeltaXYWHBBoxCoder',
                target_means=[0.0, 0.0, 0.0, 0.0],
                target_stds=[0.1, 0.1, 0.2, 0.2]),
            reg_class_agnostic=False,
            loss_cls=dict(
                type='CrossEntropyLoss', use_sigmoid=False, loss_weight=1.0),
            loss_bbox=dict(type='L1Loss', loss_weight=1.0))),
    train_cfg=dict(
        rpn=dict(
            assigner=dict(
                type='MaxIoUAssigner',
                pos_iou_thr=0.7,
                neg_iou_thr=0.3,
                min_pos_iou=0.3,
                match_low_quality=True,
                ignore_iof_thr=-1),
            sampler=dict(
                type='RandomSampler',
                num=256,
                pos_fraction=0.5,
                neg_pos_ub=-1,
                add_gt_as_proposals=False),
            allowed_border=-1,
            pos_weight=-1,
            debug=False),
        rpn_proposal=dict(
            nms_pre=2000,
            max_per_img=1000,
            nms=dict(type='nms', iou_threshold=0.7),
            min_bbox_size=0),
        rcnn=dict(
            assigner=dict(
                type='MaxIoUAssigner',
                pos_iou_thr=0.5,
                neg_iou_thr=0.5,
                min_pos_iou=0.5,
                match_low_quality=False,
                ignore_iof_thr=-1),
            sampler=dict(
                type='RandomSampler',
                num=512,
                pos_fraction=0.25,
                neg_pos_ub=-1,
                add_gt_as_proposals=True),
            pos_weight=-1,
            debug=False)),
    test_cfg=dict(
        rpn=dict(
            nms_pre=1000,
            max_per_img=1000,
            nms=dict(type='nms', iou_threshold=0.7),
            min_bbox_size=0),
        rcnn=dict(
            score_thr=0.05,
            nms=dict(type='nms', iou_threshold=0.5),
            max_per_img=100)))
work_dir = 'work_dirs/faster_rcnn_r50_fpn_tinet/flir'
auto_resume = False
gpu_ids = [0]

2024-08-06 13:27:24,503 - mmdet - INFO - Set random seed to 1165210472, deterministic: False
2024-08-06 13:27:33,968 - mmdet - INFO - Automatic scaling of learning rate (LR) has been disabled.
2024-08-06 13:27:34,185 - mmdet - INFO - Start running, host: zhangy@ByteDance, work_dir: /home/zhangy/mmdetection-tinet/work_dirs/faster_rcnn_r50_fpn_tinet/flir
2024-08-06 13:27:34,186 - mmdet - INFO - Hooks will be executed in the following order:
before_run:
(VERY_HIGH   ) StepLrUpdaterHook                  
(NORMAL      ) CheckpointHook                     
(LOW         ) EvalHook                           
(VERY_LOW    ) TextLoggerHook                     
 -------------------- 
before_train_epoch:
(VERY_HIGH   ) StepLrUpdaterHook                  
(NORMAL      ) NumClassCheckHook                  
(LOW         ) IterTimerHook                      
(LOW         ) EvalHook                           
(VERY_LOW    ) TextLoggerHook                     
 -------------------- 
before_train_iter:
(VERY_HIGH   ) StepLrUpdaterHook                  
(LOW         ) IterTimerHook                      
(LOW         ) EvalHook                           
 -------------------- 
after_train_iter:
(ABOVE_NORMAL) OptimizerHook                      
(NORMAL      ) CheckpointHook                     
(LOW         ) IterTimerHook                      
(LOW         ) EvalHook                           
(VERY_LOW    ) TextLoggerHook                     
 -------------------- 
after_train_epoch:
(NORMAL      ) CheckpointHook                     
(LOW         ) EvalHook                           
(VERY_LOW    ) TextLoggerHook                     
 -------------------- 
before_val_epoch:
(NORMAL      ) NumClassCheckHook                  
(LOW         ) IterTimerHook                      
(VERY_LOW    ) TextLoggerHook                     
 -------------------- 
before_val_iter:
(LOW         ) IterTimerHook                      
 -------------------- 
after_val_iter:
(LOW         ) IterTimerHook                      
 -------------------- 
after_val_epoch:
(VERY_LOW    ) TextLoggerHook                     
 -------------------- 
after_run:
(VERY_LOW    ) TextLoggerHook                     
 -------------------- 
2024-08-06 13:27:34,186 - mmdet - INFO - workflow: [('train', 1)], max: 12 epochs
2024-08-06 13:27:34,186 - mmdet - INFO - Checkpoints will be saved to /home/zhangy/mmdetection-tinet/work_dirs/faster_rcnn_r50_fpn_tinet/flir by HardDiskBackend.
2024-08-06 13:28:12,265 - mmdet - INFO - Epoch [1][50/1032]	lr: 4.945e-04, eta: 2:36:30, time: 0.761, data_time: 0.081, memory: 6102, i_loss: 0.2552, mask_loss: 0.4624, loss_rpn_cls: 0.6117, loss_rpn_bbox: 0.1232, loss_cls: 0.3449, acc: 91.5020, loss_bbox: 0.0235, loss: 1.8209
2024-08-06 13:28:35,961 - mmdet - INFO - Epoch [1][100/1032]	lr: 9.940e-04, eta: 2:06:27, time: 0.474, data_time: 0.011, memory: 6104, i_loss: 0.2177, mask_loss: 0.4617, loss_rpn_cls: 0.2463, loss_rpn_bbox: 0.0932, loss_cls: 0.1642, acc: 96.6270, loss_bbox: 0.0825, loss: 1.2655
2024-08-06 13:28:58,858 - mmdet - INFO - Epoch [1][150/1032]	lr: 1.494e-03, eta: 1:55:04, time: 0.458, data_time: 0.011, memory: 6195, i_loss: 0.1755, mask_loss: 0.4617, loss_rpn_cls: 0.1486, loss_rpn_bbox: 0.0941, loss_cls: 0.2255, acc: 94.3164, loss_bbox: 0.1784, loss: 1.2838
2024-08-06 13:29:21,149 - mmdet - INFO - Epoch [1][200/1032]	lr: 1.993e-03, eta: 1:48:35, time: 0.446, data_time: 0.009, memory: 6195, i_loss: 0.1658, mask_loss: 0.4629, loss_rpn_cls: 0.0972, loss_rpn_bbox: 0.0747, loss_cls: 0.2401, acc: 92.6934, loss_bbox: 0.2522, loss: 1.2930
2024-08-06 13:29:44,285 - mmdet - INFO - Epoch [1][250/1032]	lr: 2.493e-03, eta: 1:45:13, time: 0.463, data_time: 0.011, memory: 6195, i_loss: 0.1613, mask_loss: 0.4591, loss_rpn_cls: 0.0768, loss_rpn_bbox: 0.0905, loss_cls: 0.2867, acc: 90.0000, loss_bbox: 0.3676, loss: 1.4420
2024-08-06 13:30:06,816 - mmdet - INFO - Epoch [1][300/1032]	lr: 2.992e-03, eta: 1:42:27, time: 0.451, data_time: 0.009, memory: 6195, i_loss: 0.1578, mask_loss: 0.4632, loss_rpn_cls: 0.0643, loss_rpn_bbox: 0.0749, loss_cls: 0.2680, acc: 90.2188, loss_bbox: 0.3671, loss: 1.3954
2024-08-06 13:30:29,866 - mmdet - INFO - Epoch [1][350/1032]	lr: 3.492e-03, eta: 1:40:39, time: 0.461, data_time: 0.010, memory: 6195, i_loss: 0.1592, mask_loss: 0.4562, loss_rpn_cls: 0.0663, loss_rpn_bbox: 0.0711, loss_cls: 0.2913, acc: 89.4541, loss_bbox: 0.4010, loss: 1.4452
2024-08-06 13:30:52,472 - mmdet - INFO - Epoch [1][400/1032]	lr: 3.991e-03, eta: 1:39:00, time: 0.452, data_time: 0.009, memory: 6195, i_loss: 0.1584, mask_loss: 0.4649, loss_rpn_cls: 0.0502, loss_rpn_bbox: 0.0721, loss_cls: 0.2659, acc: 90.3242, loss_bbox: 0.3919, loss: 1.4035
2024-08-06 13:31:15,350 - mmdet - INFO - Epoch [1][450/1032]	lr: 4.491e-03, eta: 1:37:44, time: 0.458, data_time: 0.010, memory: 6195, i_loss: 0.1575, mask_loss: 0.4561, loss_rpn_cls: 0.0532, loss_rpn_bbox: 0.0749, loss_cls: 0.2787, acc: 89.5381, loss_bbox: 0.4249, loss: 1.4452
2024-08-06 13:31:37,972 - mmdet - INFO - Epoch [1][500/1032]	lr: 4.990e-03, eta: 1:36:33, time: 0.452, data_time: 0.010, memory: 6195, i_loss: 0.1581, mask_loss: 0.4589, loss_rpn_cls: 0.0492, loss_rpn_bbox: 0.0682, loss_cls: 0.2634, acc: 89.9209, loss_bbox: 0.4105, loss: 1.4082
2024-08-06 13:32:00,547 - mmdet - INFO - Epoch [1][550/1032]	lr: 5.000e-03, eta: 1:35:30, time: 0.451, data_time: 0.009, memory: 6195, i_loss: 0.1575, mask_loss: 0.4570, loss_rpn_cls: 0.0489, loss_rpn_bbox: 0.0801, loss_cls: 0.2751, acc: 89.3389, loss_bbox: 0.4199, loss: 1.4385
2024-08-06 13:32:22,778 - mmdet - INFO - Epoch [1][600/1032]	lr: 5.000e-03, eta: 1:34:27, time: 0.445, data_time: 0.008, memory: 6195, i_loss: 0.1579, mask_loss: 0.4655, loss_rpn_cls: 0.0393, loss_rpn_bbox: 0.0586, loss_cls: 0.2296, acc: 90.9541, loss_bbox: 0.3752, loss: 1.3262
2024-08-06 13:32:45,695 - mmdet - INFO - Epoch [1][650/1032]	lr: 5.000e-03, eta: 1:33:43, time: 0.458, data_time: 0.010, memory: 6195, i_loss: 0.1591, mask_loss: 0.4602, loss_rpn_cls: 0.0390, loss_rpn_bbox: 0.0581, loss_cls: 0.2433, acc: 90.6328, loss_bbox: 0.3987, loss: 1.3584
2024-08-06 13:33:08,315 - mmdet - INFO - Epoch [1][700/1032]	lr: 5.000e-03, eta: 1:32:56, time: 0.452, data_time: 0.009, memory: 6195, i_loss: 0.1573, mask_loss: 0.4626, loss_rpn_cls: 0.0401, loss_rpn_bbox: 0.0521, loss_cls: 0.2426, acc: 90.6797, loss_bbox: 0.4019, loss: 1.3566
2024-08-06 13:33:30,797 - mmdet - INFO - Epoch [1][750/1032]	lr: 5.000e-03, eta: 1:32:11, time: 0.450, data_time: 0.009, memory: 6195, i_loss: 0.1573, mask_loss: 0.4580, loss_rpn_cls: 0.0347, loss_rpn_bbox: 0.0624, loss_cls: 0.2366, acc: 90.6162, loss_bbox: 0.3865, loss: 1.3355
2024-08-06 13:33:53,577 - mmdet - INFO - Epoch [1][800/1032]	lr: 5.000e-03, eta: 1:31:33, time: 0.456, data_time: 0.009, memory: 6195, i_loss: 0.1570, mask_loss: 0.4607, loss_rpn_cls: 0.0397, loss_rpn_bbox: 0.0692, loss_cls: 0.2570, acc: 89.6445, loss_bbox: 0.4205, loss: 1.4040
2024-08-06 13:34:16,271 - mmdet - INFO - Epoch [1][850/1032]	lr: 5.000e-03, eta: 1:30:55, time: 0.454, data_time: 0.009, memory: 6195, i_loss: 0.1579, mask_loss: 0.4599, loss_rpn_cls: 0.0523, loss_rpn_bbox: 0.0582, loss_cls: 0.2400, acc: 90.8291, loss_bbox: 0.3836, loss: 1.3518
2024-08-06 13:34:38,991 - mmdet - INFO - Epoch [1][900/1032]	lr: 5.000e-03, eta: 1:30:20, time: 0.454, data_time: 0.009, memory: 6195, i_loss: 0.1571, mask_loss: 0.4534, loss_rpn_cls: 0.0439, loss_rpn_bbox: 0.0610, loss_cls: 0.2310, acc: 90.7354, loss_bbox: 0.3892, loss: 1.3356
2024-08-06 13:35:02,066 - mmdet - INFO - Epoch [1][950/1032]	lr: 5.000e-03, eta: 1:29:50, time: 0.461, data_time: 0.010, memory: 6195, i_loss: 0.1593, mask_loss: 0.4544, loss_rpn_cls: 0.0409, loss_rpn_bbox: 0.0666, loss_cls: 0.2507, acc: 89.8936, loss_bbox: 0.4235, loss: 1.3955
2024-08-06 13:35:25,001 - mmdet - INFO - Exp name: faster_rcnn_r50_fpn_tinet_flir.py
2024-08-06 13:35:25,002 - mmdet - INFO - Epoch [1][1000/1032]	lr: 5.000e-03, eta: 1:29:19, time: 0.459, data_time: 0.011, memory: 6195, i_loss: 0.1569, mask_loss: 0.4623, loss_rpn_cls: 0.0299, loss_rpn_bbox: 0.0566, loss_cls: 0.2141, acc: 91.3076, loss_bbox: 0.3680, loss: 1.2877
2024-08-06 13:35:39,724 - mmdet - INFO - Saving checkpoint at 1 epochs
2024-08-06 13:36:48,388 - mmdet - INFO - Evaluating bbox...
2024-08-06 13:36:56,412 - mmdet - INFO - 
+----------+--------+----------+--------+----------+--------+
| category | AP50   | category | AP50   | category | AP50   |
+----------+--------+----------+--------+----------+--------+
| car      | 0.8082 | person   | 0.5866 | bicycle  | 0.3191 |
+----------+--------+----------+--------+----------+--------+
2024-08-06 13:36:56,481 - mmdet - INFO - Exp name: faster_rcnn_r50_fpn_tinet_flir.py
2024-08-06 13:36:56,481 - mmdet - INFO - Epoch(val) [1][1013]	bbox_mAP: 0.2429, bbox_mAP_50: 0.5713, bbox_mAP_75: 0.1697, bbox_mAP_s: 0.1609, bbox_mAP_m: 0.2947, bbox_mAP_l: 0.3061, bbox_mAP_copypaste: 0.2429 0.5713 0.1697 0.1609 0.2947 0.3061
2024-08-06 13:37:22,567 - mmdet - INFO - Epoch [2][50/1032]	lr: 5.000e-03, eta: 1:26:30, time: 0.521, data_time: 0.075, memory: 6195, i_loss: 0.1567, mask_loss: 0.4576, loss_rpn_cls: 0.0324, loss_rpn_bbox: 0.0518, loss_cls: 0.2114, acc: 91.4023, loss_bbox: 0.3643, loss: 1.2741
2024-08-06 13:37:45,529 - mmdet - INFO - Epoch [2][100/1032]	lr: 5.000e-03, eta: 1:26:07, time: 0.459, data_time: 0.010, memory: 6195, i_loss: 0.1567, mask_loss: 0.4609, loss_rpn_cls: 0.0334, loss_rpn_bbox: 0.0555, loss_cls: 0.2173, acc: 91.1299, loss_bbox: 0.3740, loss: 1.2978
2024-08-06 13:38:08,310 - mmdet - INFO - Epoch [2][150/1032]	lr: 5.000e-03, eta: 1:25:42, time: 0.456, data_time: 0.010, memory: 6195, i_loss: 0.1568, mask_loss: 0.4567, loss_rpn_cls: 0.0337, loss_rpn_bbox: 0.0604, loss_cls: 0.2194, acc: 91.1826, loss_bbox: 0.3775, loss: 1.3046
2024-08-06 13:38:31,415 - mmdet - INFO - Epoch [2][200/1032]	lr: 5.000e-03, eta: 1:25:20, time: 0.462, data_time: 0.012, memory: 6195, i_loss: 0.1566, mask_loss: 0.4561, loss_rpn_cls: 0.0277, loss_rpn_bbox: 0.0510, loss_cls: 0.2003, acc: 91.8682, loss_bbox: 0.3532, loss: 1.2451
2024-08-06 13:38:54,197 - mmdet - INFO - Epoch [2][250/1032]	lr: 5.000e-03, eta: 1:24:56, time: 0.456, data_time: 0.010, memory: 6195, i_loss: 0.1570, mask_loss: 0.4574, loss_rpn_cls: 0.0289, loss_rpn_bbox: 0.0541, loss_cls: 0.2090, acc: 91.5010, loss_bbox: 0.3596, loss: 1.2659
2024-08-06 13:39:17,079 - mmdet - INFO - Epoch [2][300/1032]	lr: 5.000e-03, eta: 1:24:32, time: 0.458, data_time: 0.010, memory: 6195, i_loss: 0.1570, mask_loss: 0.4589, loss_rpn_cls: 0.0307, loss_rpn_bbox: 0.0491, loss_cls: 0.2066, acc: 91.5771, loss_bbox: 0.3709, loss: 1.2733
2024-08-06 13:39:39,663 - mmdet - INFO - Epoch [2][350/1032]	lr: 5.000e-03, eta: 1:24:06, time: 0.452, data_time: 0.010, memory: 6195, i_loss: 0.1567, mask_loss: 0.4572, loss_rpn_cls: 0.0283, loss_rpn_bbox: 0.0518, loss_cls: 0.2026, acc: 91.9443, loss_bbox: 0.3586, loss: 1.2552
2024-08-06 13:40:02,447 - mmdet - INFO - Epoch [2][400/1032]	lr: 5.000e-03, eta: 1:23:42, time: 0.456, data_time: 0.009, memory: 6195, i_loss: 0.1567, mask_loss: 0.4556, loss_rpn_cls: 0.0295, loss_rpn_bbox: 0.0576, loss_cls: 0.2069, acc: 91.5967, loss_bbox: 0.3710, loss: 1.2772
2024-08-06 13:40:25,229 - mmdet - INFO - Epoch [2][450/1032]	lr: 5.000e-03, eta: 1:23:18, time: 0.456, data_time: 0.009, memory: 6195, i_loss: 0.1568, mask_loss: 0.4552, loss_rpn_cls: 0.0300, loss_rpn_bbox: 0.0565, loss_cls: 0.2037, acc: 91.6709, loss_bbox: 0.3651, loss: 1.2674
2024-08-06 13:40:47,727 - mmdet - INFO - Epoch [2][500/1032]	lr: 5.000e-03, eta: 1:22:52, time: 0.450, data_time: 0.009, memory: 6195, i_loss: 0.1572, mask_loss: 0.4554, loss_rpn_cls: 0.0271, loss_rpn_bbox: 0.0512, loss_cls: 0.1904, acc: 92.1748, loss_bbox: 0.3340, loss: 1.2153
2024-08-06 13:41:10,045 - mmdet - INFO - Epoch [2][550/1032]	lr: 5.000e-03, eta: 1:22:25, time: 0.446, data_time: 0.008, memory: 6195, i_loss: 0.1567, mask_loss: 0.4607, loss_rpn_cls: 0.0293, loss_rpn_bbox: 0.0492, loss_cls: 0.1860, acc: 92.5303, loss_bbox: 0.3349, loss: 1.2169
2024-08-06 13:41:33,097 - mmdet - INFO - Epoch [2][600/1032]	lr: 5.000e-03, eta: 1:22:04, time: 0.461, data_time: 0.010, memory: 6195, i_loss: 0.1605, mask_loss: 0.4581, loss_rpn_cls: 0.0268, loss_rpn_bbox: 0.0528, loss_cls: 0.1976, acc: 91.8779, loss_bbox: 0.3632, loss: 1.2590
2024-08-06 13:41:55,957 - mmdet - INFO - Epoch [2][650/1032]	lr: 5.000e-03, eta: 1:21:40, time: 0.457, data_time: 0.010, memory: 6195, i_loss: 0.1571, mask_loss: 0.4545, loss_rpn_cls: 0.0294, loss_rpn_bbox: 0.0561, loss_cls: 0.2009, acc: 91.7031, loss_bbox: 0.3648, loss: 1.2627
2024-08-06 13:42:18,897 - mmdet - INFO - Epoch [2][700/1032]	lr: 5.000e-03, eta: 1:21:18, time: 0.459, data_time: 0.010, memory: 6195, i_loss: 0.1567, mask_loss: 0.4567, loss_rpn_cls: 0.0265, loss_rpn_bbox: 0.0476, loss_cls: 0.1827, acc: 92.5879, loss_bbox: 0.3211, loss: 1.1912
2024-08-06 13:42:41,918 - mmdet - INFO - Epoch [2][750/1032]	lr: 5.000e-03, eta: 1:20:56, time: 0.460, data_time: 0.010, memory: 6195, i_loss: 0.1567, mask_loss: 0.4524, loss_rpn_cls: 0.0302, loss_rpn_bbox: 0.0553, loss_cls: 0.2060, acc: 91.5078, loss_bbox: 0.3725, loss: 1.2730
2024-08-06 13:43:04,762 - mmdet - INFO - Epoch [2][800/1032]	lr: 5.000e-03, eta: 1:20:32, time: 0.457, data_time: 0.009, memory: 6195, i_loss: 0.1588, mask_loss: 0.4522, loss_rpn_cls: 0.0273, loss_rpn_bbox: 0.0519, loss_cls: 0.1937, acc: 91.9297, loss_bbox: 0.3631, loss: 1.2469
2024-08-06 13:43:27,985 - mmdet - INFO - Epoch [2][850/1032]	lr: 5.000e-03, eta: 1:20:11, time: 0.464, data_time: 0.011, memory: 6195, i_loss: 0.1567, mask_loss: 0.4574, loss_rpn_cls: 0.0279, loss_rpn_bbox: 0.0567, loss_cls: 0.2084, acc: 91.4580, loss_bbox: 0.3654, loss: 1.2725
2024-08-06 13:43:51,161 - mmdet - INFO - Epoch [2][900/1032]	lr: 5.000e-03, eta: 1:19:50, time: 0.464, data_time: 0.011, memory: 6195, i_loss: 0.1567, mask_loss: 0.4517, loss_rpn_cls: 0.0250, loss_rpn_bbox: 0.0511, loss_cls: 0.1923, acc: 92.1104, loss_bbox: 0.3521, loss: 1.2288
2024-08-06 13:44:14,491 - mmdet - INFO - Epoch [2][950/1032]	lr: 5.000e-03, eta: 1:19:29, time: 0.467, data_time: 0.011, memory: 6195, i_loss: 0.1567, mask_loss: 0.4559, loss_rpn_cls: 0.0272, loss_rpn_bbox: 0.0528, loss_cls: 0.2002, acc: 91.8037, loss_bbox: 0.3600, loss: 1.2527
2024-08-06 13:44:37,777 - mmdet - INFO - Epoch [2][1000/1032]	lr: 5.000e-03, eta: 1:19:08, time: 0.466, data_time: 0.011, memory: 6195, i_loss: 0.1566, mask_loss: 0.4533, loss_rpn_cls: 0.0274, loss_rpn_bbox: 0.0599, loss_cls: 0.2045, acc: 91.4941, loss_bbox: 0.3699, loss: 1.2717
2024-08-06 13:44:52,694 - mmdet - INFO - Saving checkpoint at 2 epochs
2024-08-06 13:46:02,392 - mmdet - INFO - Evaluating bbox...
2024-08-06 13:46:09,005 - mmdet - INFO - 
+----------+--------+----------+--------+----------+--------+
| category | AP50   | category | AP50   | category | AP50   |
+----------+--------+----------+--------+----------+--------+
| car      | 0.8413 | person   | 0.6774 | bicycle  | 0.4639 |
+----------+--------+----------+--------+----------+--------+
2024-08-06 13:46:09,054 - mmdet - INFO - Exp name: faster_rcnn_r50_fpn_tinet_flir.py
2024-08-06 13:46:09,054 - mmdet - INFO - Epoch(val) [2][1013]	bbox_mAP: 0.2823, bbox_mAP_50: 0.6609, bbox_mAP_75: 0.1920, bbox_mAP_s: 0.1875, bbox_mAP_m: 0.3453, bbox_mAP_l: 0.3646, bbox_mAP_copypaste: 0.2823 0.6609 0.1920 0.1875 0.3453 0.3646
2024-08-06 13:46:35,697 - mmdet - INFO - Epoch [3][50/1032]	lr: 5.000e-03, eta: 1:17:37, time: 0.533, data_time: 0.077, memory: 6195, i_loss: 0.1567, mask_loss: 0.4548, loss_rpn_cls: 0.0203, loss_rpn_bbox: 0.0427, loss_cls: 0.1722, acc: 92.8867, loss_bbox: 0.3204, loss: 1.1672
2024-08-06 13:46:59,035 - mmdet - INFO - Epoch [3][100/1032]	lr: 5.000e-03, eta: 1:17:17, time: 0.467, data_time: 0.011, memory: 6195, i_loss: 0.1566, mask_loss: 0.4518, loss_rpn_cls: 0.0230, loss_rpn_bbox: 0.0498, loss_cls: 0.1857, acc: 92.3896, loss_bbox: 0.3469, loss: 1.2138
2024-08-06 13:47:21,891 - mmdet - INFO - Epoch [3][150/1032]	lr: 5.000e-03, eta: 1:16:55, time: 0.457, data_time: 0.011, memory: 6195, i_loss: 0.1566, mask_loss: 0.4550, loss_rpn_cls: 0.0220, loss_rpn_bbox: 0.0479, loss_cls: 0.1789, acc: 92.4727, loss_bbox: 0.3332, loss: 1.1937
2024-08-06 13:47:44,885 - mmdet - INFO - Epoch [3][200/1032]	lr: 5.000e-03, eta: 1:16:34, time: 0.460, data_time: 0.010, memory: 6195, i_loss: 0.1573, mask_loss: 0.4567, loss_rpn_cls: 0.0249, loss_rpn_bbox: 0.0513, loss_cls: 0.1842, acc: 92.4219, loss_bbox: 0.3358, loss: 1.2102
2024-08-06 13:48:07,931 - mmdet - INFO - Epoch [3][250/1032]	lr: 5.000e-03, eta: 1:16:13, time: 0.461, data_time: 0.010, memory: 6195, i_loss: 0.1569, mask_loss: 0.4573, loss_rpn_cls: 0.0230, loss_rpn_bbox: 0.0483, loss_cls: 0.1853, acc: 92.3164, loss_bbox: 0.3554, loss: 1.2261
2024-08-06 13:48:30,867 - mmdet - INFO - Epoch [3][300/1032]	lr: 5.000e-03, eta: 1:15:51, time: 0.459, data_time: 0.010, memory: 6195, i_loss: 0.1567, mask_loss: 0.4544, loss_rpn_cls: 0.0248, loss_rpn_bbox: 0.0481, loss_cls: 0.1894, acc: 92.2188, loss_bbox: 0.3447, loss: 1.2181
2024-08-06 13:48:53,737 - mmdet - INFO - Epoch [3][350/1032]	lr: 5.000e-03, eta: 1:15:29, time: 0.457, data_time: 0.010, memory: 6195, i_loss: 0.1567, mask_loss: 0.4574, loss_rpn_cls: 0.0218, loss_rpn_bbox: 0.0452, loss_cls: 0.1701, acc: 92.8984, loss_bbox: 0.3168, loss: 1.1679
2024-08-06 13:49:16,520 - mmdet - INFO - Epoch [3][400/1032]	lr: 5.000e-03, eta: 1:15:07, time: 0.456, data_time: 0.010, memory: 6195, i_loss: 0.1567, mask_loss: 0.4597, loss_rpn_cls: 0.0217, loss_rpn_bbox: 0.0450, loss_cls: 0.1682, acc: 93.0254, loss_bbox: 0.3322, loss: 1.1835
2024-08-06 13:49:39,672 - mmdet - INFO - Epoch [3][450/1032]	lr: 5.000e-03, eta: 1:14:46, time: 0.463, data_time: 0.010, memory: 6195, i_loss: 0.1567, mask_loss: 0.4537, loss_rpn_cls: 0.0269, loss_rpn_bbox: 0.0532, loss_cls: 0.1939, acc: 91.9209, loss_bbox: 0.3562, loss: 1.2407
2024-08-06 13:50:02,939 - mmdet - INFO - Epoch [3][500/1032]	lr: 5.000e-03, eta: 1:14:25, time: 0.465, data_time: 0.011, memory: 6195, i_loss: 0.1567, mask_loss: 0.4550, loss_rpn_cls: 0.0226, loss_rpn_bbox: 0.0490, loss_cls: 0.1698, acc: 92.8838, loss_bbox: 0.3272, loss: 1.1804
2024-08-06 13:50:26,036 - mmdet - INFO - Epoch [3][550/1032]	lr: 5.000e-03, eta: 1:14:04, time: 0.462, data_time: 0.010, memory: 6195, i_loss: 0.1566, mask_loss: 0.4568, loss_rpn_cls: 0.0216, loss_rpn_bbox: 0.0518, loss_cls: 0.1817, acc: 92.5264, loss_bbox: 0.3328, loss: 1.2014
2024-08-06 13:50:49,253 - mmdet - INFO - Epoch [3][600/1032]	lr: 5.000e-03, eta: 1:13:43, time: 0.464, data_time: 0.011, memory: 6195, i_loss: 0.1566, mask_loss: 0.4547, loss_rpn_cls: 0.0238, loss_rpn_bbox: 0.0489, loss_cls: 0.1891, acc: 92.2754, loss_bbox: 0.3386, loss: 1.2117
2024-08-06 13:51:12,060 - mmdet - INFO - Epoch [3][650/1032]	lr: 5.000e-03, eta: 1:13:20, time: 0.456, data_time: 0.009, memory: 6195, i_loss: 0.1566, mask_loss: 0.4520, loss_rpn_cls: 0.0216, loss_rpn_bbox: 0.0500, loss_cls: 0.1884, acc: 92.2646, loss_bbox: 0.3405, loss: 1.2091
2024-08-06 13:51:35,257 - mmdet - INFO - Epoch [3][700/1032]	lr: 5.000e-03, eta: 1:12:59, time: 0.464, data_time: 0.011, memory: 6195, i_loss: 0.1567, mask_loss: 0.4543, loss_rpn_cls: 0.0240, loss_rpn_bbox: 0.0532, loss_cls: 0.2019, acc: 91.6348, loss_bbox: 0.3760, loss: 1.2660
2024-08-06 13:51:58,175 - mmdet - INFO - Epoch [3][750/1032]	lr: 5.000e-03, eta: 1:12:37, time: 0.458, data_time: 0.010, memory: 6195, i_loss: 0.1588, mask_loss: 0.4486, loss_rpn_cls: 0.0232, loss_rpn_bbox: 0.0473, loss_cls: 0.1797, acc: 92.4971, loss_bbox: 0.3304, loss: 1.1881
2024-08-06 13:52:21,071 - mmdet - INFO - Epoch [3][800/1032]	lr: 5.000e-03, eta: 1:12:14, time: 0.458, data_time: 0.010, memory: 6195, i_loss: 0.1567, mask_loss: 0.4467, loss_rpn_cls: 0.0246, loss_rpn_bbox: 0.0513, loss_cls: 0.1853, acc: 92.2812, loss_bbox: 0.3542, loss: 1.2189
2024-08-06 13:52:43,863 - mmdet - INFO - Epoch [3][850/1032]	lr: 5.000e-03, eta: 1:11:52, time: 0.456, data_time: 0.008, memory: 6195, i_loss: 0.1567, mask_loss: 0.4554, loss_rpn_cls: 0.0197, loss_rpn_bbox: 0.0503, loss_cls: 0.1757, acc: 92.6875, loss_bbox: 0.3309, loss: 1.1886
2024-08-06 13:53:06,720 - mmdet - INFO - Epoch [3][900/1032]	lr: 5.000e-03, eta: 1:11:29, time: 0.457, data_time: 0.009, memory: 6195, i_loss: 0.1567, mask_loss: 0.4510, loss_rpn_cls: 0.0202, loss_rpn_bbox: 0.0485, loss_cls: 0.1793, acc: 92.6260, loss_bbox: 0.3402, loss: 1.1959
2024-08-06 13:53:29,925 - mmdet - INFO - Epoch [3][950/1032]	lr: 5.000e-03, eta: 1:11:08, time: 0.464, data_time: 0.011, memory: 6195, i_loss: 0.1567, mask_loss: 0.4564, loss_rpn_cls: 0.0231, loss_rpn_bbox: 0.0440, loss_cls: 0.1767, acc: 92.6816, loss_bbox: 0.3302, loss: 1.1871
2024-08-06 13:53:53,054 - mmdet - INFO - Epoch [3][1000/1032]	lr: 5.000e-03, eta: 1:10:46, time: 0.463, data_time: 0.011, memory: 6195, i_loss: 0.1567, mask_loss: 0.4537, loss_rpn_cls: 0.0216, loss_rpn_bbox: 0.0478, loss_cls: 0.1735, acc: 92.8652, loss_bbox: 0.3214, loss: 1.1746
2024-08-06 13:54:07,786 - mmdet - INFO - Saving checkpoint at 3 epochs
2024-08-06 13:55:17,596 - mmdet - INFO - Evaluating bbox...
2024-08-06 13:55:24,064 - mmdet - INFO - 
+----------+--------+----------+--------+----------+--------+
| category | AP50   | category | AP50   | category | AP50   |
+----------+--------+----------+--------+----------+--------+
| car      | 0.8577 | person   | 0.7229 | bicycle  | 0.5217 |
+----------+--------+----------+--------+----------+--------+
2024-08-06 13:55:24,111 - mmdet - INFO - Exp name: faster_rcnn_r50_fpn_tinet_flir.py
2024-08-06 13:55:24,112 - mmdet - INFO - Epoch(val) [3][1013]	bbox_mAP: 0.3175, bbox_mAP_50: 0.7008, bbox_mAP_75: 0.2413, bbox_mAP_s: 0.2190, bbox_mAP_m: 0.3748, bbox_mAP_l: 0.3905, bbox_mAP_copypaste: 0.3175 0.7008 0.2413 0.2190 0.3748 0.3905
2024-08-06 13:55:50,318 - mmdet - INFO - Epoch [4][50/1032]	lr: 5.000e-03, eta: 1:09:36, time: 0.524, data_time: 0.074, memory: 6195, i_loss: 0.1570, mask_loss: 0.4520, loss_rpn_cls: 0.0207, loss_rpn_bbox: 0.0466, loss_cls: 0.1639, acc: 93.2959, loss_bbox: 0.3096, loss: 1.1499
2024-08-06 13:56:13,096 - mmdet - INFO - Epoch [4][100/1032]	lr: 5.000e-03, eta: 1:09:14, time: 0.456, data_time: 0.010, memory: 6195, i_loss: 0.1586, mask_loss: 0.4601, loss_rpn_cls: 0.0180, loss_rpn_bbox: 0.0421, loss_cls: 0.1572, acc: 93.4609, loss_bbox: 0.3129, loss: 1.1489
2024-08-06 13:56:35,660 - mmdet - INFO - Epoch [4][150/1032]	lr: 5.000e-03, eta: 1:08:51, time: 0.451, data_time: 0.010, memory: 6195, i_loss: 0.1568, mask_loss: 0.4561, loss_rpn_cls: 0.0189, loss_rpn_bbox: 0.0413, loss_cls: 0.1659, acc: 93.0967, loss_bbox: 0.3136, loss: 1.1526
2024-08-06 13:56:58,834 - mmdet - INFO - Epoch [4][200/1032]	lr: 5.000e-03, eta: 1:08:30, time: 0.463, data_time: 0.010, memory: 6195, i_loss: 0.1567, mask_loss: 0.4531, loss_rpn_cls: 0.0200, loss_rpn_bbox: 0.0496, loss_cls: 0.1803, acc: 92.5977, loss_bbox: 0.3254, loss: 1.1851
2024-08-06 13:57:21,526 - mmdet - INFO - Epoch [4][250/1032]	lr: 5.000e-03, eta: 1:08:08, time: 0.454, data_time: 0.009, memory: 6195, i_loss: 0.1567, mask_loss: 0.4524, loss_rpn_cls: 0.0182, loss_rpn_bbox: 0.0431, loss_cls: 0.1650, acc: 93.1416, loss_bbox: 0.3143, loss: 1.1497
2024-08-06 13:57:44,643 - mmdet - INFO - Epoch [4][300/1032]	lr: 5.000e-03, eta: 1:07:46, time: 0.462, data_time: 0.011, memory: 6195, i_loss: 0.1568, mask_loss: 0.4492, loss_rpn_cls: 0.0195, loss_rpn_bbox: 0.0495, loss_cls: 0.1794, acc: 92.3174, loss_bbox: 0.3471, loss: 1.2015
2024-08-06 13:58:08,101 - mmdet - INFO - Epoch [4][350/1032]	lr: 5.000e-03, eta: 1:07:26, time: 0.469, data_time: 0.012, memory: 6195, i_loss: 0.1566, mask_loss: 0.4534, loss_rpn_cls: 0.0189, loss_rpn_bbox: 0.0480, loss_cls: 0.1787, acc: 92.6846, loss_bbox: 0.3303, loss: 1.1859
2024-08-06 13:58:31,559 - mmdet - INFO - Epoch [4][400/1032]	lr: 5.000e-03, eta: 1:07:05, time: 0.469, data_time: 0.011, memory: 6195, i_loss: 0.1566, mask_loss: 0.4564, loss_rpn_cls: 0.0225, loss_rpn_bbox: 0.0454, loss_cls: 0.1649, acc: 93.2539, loss_bbox: 0.3186, loss: 1.1644
2024-08-06 13:58:54,693 - mmdet - INFO - Epoch [4][450/1032]	lr: 5.000e-03, eta: 1:06:44, time: 0.463, data_time: 0.010, memory: 6195, i_loss: 0.1570, mask_loss: 0.4526, loss_rpn_cls: 0.0205, loss_rpn_bbox: 0.0429, loss_cls: 0.1628, acc: 93.2881, loss_bbox: 0.3083, loss: 1.1442
2024-08-06 13:59:17,930 - mmdet - INFO - Epoch [4][500/1032]	lr: 5.000e-03, eta: 1:06:23, time: 0.465, data_time: 0.009, memory: 6195, i_loss: 0.1567, mask_loss: 0.4564, loss_rpn_cls: 0.0201, loss_rpn_bbox: 0.0442, loss_cls: 0.1592, acc: 93.4189, loss_bbox: 0.3052, loss: 1.1418
2024-08-06 13:59:40,872 - mmdet - INFO - Epoch [4][550/1032]	lr: 5.000e-03, eta: 1:06:01, time: 0.459, data_time: 0.009, memory: 6195, i_loss: 0.1566, mask_loss: 0.4528, loss_rpn_cls: 0.0206, loss_rpn_bbox: 0.0491, loss_cls: 0.1705, acc: 92.8809, loss_bbox: 0.3321, loss: 1.1817
2024-08-06 14:00:04,151 - mmdet - INFO - Epoch [4][600/1032]	lr: 5.000e-03, eta: 1:05:39, time: 0.466, data_time: 0.010, memory: 6195, i_loss: 0.1566, mask_loss: 0.4542, loss_rpn_cls: 0.0190, loss_rpn_bbox: 0.0457, loss_cls: 0.1703, acc: 92.9756, loss_bbox: 0.3220, loss: 1.1678
2024-08-06 14:00:27,259 - mmdet - INFO - Epoch [4][650/1032]	lr: 5.000e-03, eta: 1:05:18, time: 0.462, data_time: 0.009, memory: 6195, i_loss: 0.1567, mask_loss: 0.4540, loss_rpn_cls: 0.0185, loss_rpn_bbox: 0.0464, loss_cls: 0.1761, acc: 92.5781, loss_bbox: 0.3374, loss: 1.1893
2024-08-06 14:00:50,556 - mmdet - INFO - Epoch [4][700/1032]	lr: 5.000e-03, eta: 1:04:56, time: 0.466, data_time: 0.011, memory: 6195, i_loss: 0.1567, mask_loss: 0.4548, loss_rpn_cls: 0.0169, loss_rpn_bbox: 0.0479, loss_cls: 0.1718, acc: 92.9111, loss_bbox: 0.3219, loss: 1.1699
2024-08-06 14:01:13,488 - mmdet - INFO - Epoch [4][750/1032]	lr: 5.000e-03, eta: 1:04:34, time: 0.459, data_time: 0.009, memory: 6195, i_loss: 0.1567, mask_loss: 0.4516, loss_rpn_cls: 0.0199, loss_rpn_bbox: 0.0470, loss_cls: 0.1629, acc: 93.0693, loss_bbox: 0.3223, loss: 1.1603
2024-08-06 14:01:36,790 - mmdet - INFO - Epoch [4][800/1032]	lr: 5.000e-03, eta: 1:04:13, time: 0.466, data_time: 0.010, memory: 6195, i_loss: 0.1566, mask_loss: 0.4544, loss_rpn_cls: 0.0181, loss_rpn_bbox: 0.0442, loss_cls: 0.1679, acc: 93.0352, loss_bbox: 0.3191, loss: 1.1604
2024-08-06 14:02:00,215 - mmdet - INFO - Epoch [4][850/1032]	lr: 5.000e-03, eta: 1:03:52, time: 0.468, data_time: 0.011, memory: 6195, i_loss: 0.1572, mask_loss: 0.4495, loss_rpn_cls: 0.0192, loss_rpn_bbox: 0.0507, loss_cls: 0.1808, acc: 92.4424, loss_bbox: 0.3299, loss: 1.1875
2024-08-06 14:02:23,249 - mmdet - INFO - Epoch [4][900/1032]	lr: 5.000e-03, eta: 1:03:30, time: 0.461, data_time: 0.010, memory: 6195, i_loss: 0.1571, mask_loss: 0.4512, loss_rpn_cls: 0.0175, loss_rpn_bbox: 0.0450, loss_cls: 0.1660, acc: 93.0703, loss_bbox: 0.3180, loss: 1.1548
2024-08-06 14:02:46,260 - mmdet - INFO - Epoch [4][950/1032]	lr: 5.000e-03, eta: 1:03:08, time: 0.460, data_time: 0.010, memory: 6195, i_loss: 0.1567, mask_loss: 0.4553, loss_rpn_cls: 0.0187, loss_rpn_bbox: 0.0417, loss_cls: 0.1673, acc: 93.1240, loss_bbox: 0.3214, loss: 1.1610
2024-08-06 14:03:09,518 - mmdet - INFO - Epoch [4][1000/1032]	lr: 5.000e-03, eta: 1:02:46, time: 0.465, data_time: 0.010, memory: 6195, i_loss: 0.1566, mask_loss: 0.4519, loss_rpn_cls: 0.0192, loss_rpn_bbox: 0.0454, loss_cls: 0.1717, acc: 92.8271, loss_bbox: 0.3218, loss: 1.1666
2024-08-06 14:03:24,526 - mmdet - INFO - Saving checkpoint at 4 epochs
2024-08-06 14:04:32,687 - mmdet - INFO - Evaluating bbox...
2024-08-06 14:04:37,739 - mmdet - INFO - 
+----------+--------+----------+--------+----------+--------+
| category | AP50   | category | AP50   | category | AP50   |
+----------+--------+----------+--------+----------+--------+
| car      | 0.8660 | person   | 0.7568 | bicycle  | 0.6083 |
+----------+--------+----------+--------+----------+--------+
2024-08-06 14:04:37,783 - mmdet - INFO - Exp name: faster_rcnn_r50_fpn_tinet_flir.py
2024-08-06 14:04:37,783 - mmdet - INFO - Epoch(val) [4][1013]	bbox_mAP: 0.3383, bbox_mAP_50: 0.7437, bbox_mAP_75: 0.2522, bbox_mAP_s: 0.2326, bbox_mAP_m: 0.4040, bbox_mAP_l: 0.4110, bbox_mAP_copypaste: 0.3383 0.7437 0.2522 0.2326 0.4040 0.4110
2024-08-06 14:05:04,136 - mmdet - INFO - Epoch [5][50/1032]	lr: 5.000e-03, eta: 1:01:47, time: 0.527, data_time: 0.074, memory: 6195, i_loss: 0.1569, mask_loss: 0.4597, loss_rpn_cls: 0.0163, loss_rpn_bbox: 0.0429, loss_cls: 0.1490, acc: 93.7617, loss_bbox: 0.2999, loss: 1.1247
2024-08-06 14:05:27,035 - mmdet - INFO - Epoch [5][100/1032]	lr: 5.000e-03, eta: 1:01:25, time: 0.458, data_time: 0.010, memory: 6195, i_loss: 0.1567, mask_loss: 0.4554, loss_rpn_cls: 0.0155, loss_rpn_bbox: 0.0427, loss_cls: 0.1544, acc: 93.4922, loss_bbox: 0.3120, loss: 1.1366
2024-08-06 14:05:49,866 - mmdet - INFO - Epoch [5][150/1032]	lr: 5.000e-03, eta: 1:01:03, time: 0.457, data_time: 0.009, memory: 6195, i_loss: 0.1566, mask_loss: 0.4483, loss_rpn_cls: 0.0158, loss_rpn_bbox: 0.0427, loss_cls: 0.1736, acc: 92.7852, loss_bbox: 0.3298, loss: 1.1668
2024-08-06 14:06:12,955 - mmdet - INFO - Epoch [5][200/1032]	lr: 5.000e-03, eta: 1:00:41, time: 0.462, data_time: 0.010, memory: 6195, i_loss: 0.1566, mask_loss: 0.4530, loss_rpn_cls: 0.0175, loss_rpn_bbox: 0.0448, loss_cls: 0.1635, acc: 93.1602, loss_bbox: 0.3157, loss: 1.1511
2024-08-06 14:06:35,953 - mmdet - INFO - Epoch [5][250/1032]	lr: 5.000e-03, eta: 1:00:20, time: 0.460, data_time: 0.010, memory: 6195, i_loss: 0.1569, mask_loss: 0.4502, loss_rpn_cls: 0.0163, loss_rpn_bbox: 0.0456, loss_cls: 0.1726, acc: 92.6602, loss_bbox: 0.3324, loss: 1.1740
2024-08-06 14:06:59,128 - mmdet - INFO - Epoch [5][300/1032]	lr: 5.000e-03, eta: 0:59:58, time: 0.463, data_time: 0.010, memory: 6195, i_loss: 0.1567, mask_loss: 0.4537, loss_rpn_cls: 0.0161, loss_rpn_bbox: 0.0427, loss_cls: 0.1509, acc: 93.5889, loss_bbox: 0.3045, loss: 1.1246
2024-08-06 14:07:22,830 - mmdet - INFO - Epoch [5][350/1032]	lr: 5.000e-03, eta: 0:59:37, time: 0.474, data_time: 0.013, memory: 6195, i_loss: 0.1567, mask_loss: 0.4553, loss_rpn_cls: 0.0160, loss_rpn_bbox: 0.0401, loss_cls: 0.1502, acc: 93.6992, loss_bbox: 0.2988, loss: 1.1170
2024-08-06 14:07:46,154 - mmdet - INFO - Epoch [5][400/1032]	lr: 5.000e-03, eta: 0:59:16, time: 0.466, data_time: 0.010, memory: 6195, i_loss: 0.1566, mask_loss: 0.4467, loss_rpn_cls: 0.0174, loss_rpn_bbox: 0.0484, loss_cls: 0.1633, acc: 93.1133, loss_bbox: 0.3146, loss: 1.1470
2024-08-06 14:08:09,207 - mmdet - INFO - Epoch [5][450/1032]	lr: 5.000e-03, eta: 0:58:54, time: 0.461, data_time: 0.010, memory: 6195, i_loss: 0.1566, mask_loss: 0.4571, loss_rpn_cls: 0.0154, loss_rpn_bbox: 0.0351, loss_cls: 0.1434, acc: 93.9805, loss_bbox: 0.2762, loss: 1.0838
2024-08-06 14:08:32,422 - mmdet - INFO - Epoch [5][500/1032]	lr: 5.000e-03, eta: 0:58:32, time: 0.464, data_time: 0.010, memory: 6195, i_loss: 0.1566, mask_loss: 0.4539, loss_rpn_cls: 0.0164, loss_rpn_bbox: 0.0380, loss_cls: 0.1490, acc: 93.8125, loss_bbox: 0.2947, loss: 1.1087
2024-08-06 14:08:55,477 - mmdet - INFO - Epoch [5][550/1032]	lr: 5.000e-03, eta: 0:58:10, time: 0.461, data_time: 0.009, memory: 6195, i_loss: 0.1567, mask_loss: 0.4489, loss_rpn_cls: 0.0174, loss_rpn_bbox: 0.0413, loss_cls: 0.1523, acc: 93.5967, loss_bbox: 0.2969, loss: 1.1134
2024-08-06 14:09:18,481 - mmdet - INFO - Epoch [5][600/1032]	lr: 5.000e-03, eta: 0:57:48, time: 0.460, data_time: 0.009, memory: 6195, i_loss: 0.1576, mask_loss: 0.4475, loss_rpn_cls: 0.0173, loss_rpn_bbox: 0.0461, loss_cls: 0.1614, acc: 93.2979, loss_bbox: 0.3047, loss: 1.1345
2024-08-06 14:09:41,480 - mmdet - INFO - Epoch [5][650/1032]	lr: 5.000e-03, eta: 0:57:26, time: 0.460, data_time: 0.010, memory: 6195, i_loss: 0.1568, mask_loss: 0.4560, loss_rpn_cls: 0.0176, loss_rpn_bbox: 0.0422, loss_cls: 0.1592, acc: 93.3945, loss_bbox: 0.3035, loss: 1.1353
2024-08-06 14:10:04,832 - mmdet - INFO - Epoch [5][700/1032]	lr: 5.000e-03, eta: 0:57:05, time: 0.467, data_time: 0.010, memory: 6195, i_loss: 0.1568, mask_loss: 0.4552, loss_rpn_cls: 0.0160, loss_rpn_bbox: 0.0462, loss_cls: 0.1616, acc: 93.3340, loss_bbox: 0.3189, loss: 1.1546
2024-08-06 14:10:28,124 - mmdet - INFO - Epoch [5][750/1032]	lr: 5.000e-03, eta: 0:56:43, time: 0.466, data_time: 0.010, memory: 6195, i_loss: 0.1566, mask_loss: 0.4516, loss_rpn_cls: 0.0202, loss_rpn_bbox: 0.0527, loss_cls: 0.1757, acc: 92.6113, loss_bbox: 0.3421, loss: 1.1989
2024-08-06 14:10:51,312 - mmdet - INFO - Epoch [5][800/1032]	lr: 5.000e-03, eta: 0:56:21, time: 0.464, data_time: 0.010, memory: 6195, i_loss: 0.1566, mask_loss: 0.4479, loss_rpn_cls: 0.0174, loss_rpn_bbox: 0.0446, loss_cls: 0.1569, acc: 93.3320, loss_bbox: 0.3126, loss: 1.1360
2024-08-06 14:11:14,698 - mmdet - INFO - Epoch [5][850/1032]	lr: 5.000e-03, eta: 0:55:59, time: 0.468, data_time: 0.011, memory: 6195, i_loss: 0.1566, mask_loss: 0.4563, loss_rpn_cls: 0.0169, loss_rpn_bbox: 0.0436, loss_cls: 0.1541, acc: 93.6084, loss_bbox: 0.3033, loss: 1.1309
2024-08-06 14:11:38,102 - mmdet - INFO - Epoch [5][900/1032]	lr: 5.000e-03, eta: 0:55:38, time: 0.468, data_time: 0.011, memory: 6195, i_loss: 0.1566, mask_loss: 0.4582, loss_rpn_cls: 0.0198, loss_rpn_bbox: 0.0443, loss_cls: 0.1555, acc: 93.5391, loss_bbox: 0.2974, loss: 1.1318
2024-08-06 14:12:01,346 - mmdet - INFO - Epoch [5][950/1032]	lr: 5.000e-03, eta: 0:55:16, time: 0.465, data_time: 0.010, memory: 6195, i_loss: 0.1567, mask_loss: 0.4511, loss_rpn_cls: 0.0174, loss_rpn_bbox: 0.0450, loss_cls: 0.1608, acc: 93.3174, loss_bbox: 0.3108, loss: 1.1418
2024-08-06 14:12:24,687 - mmdet - INFO - Epoch [5][1000/1032]	lr: 5.000e-03, eta: 0:54:54, time: 0.467, data_time: 0.011, memory: 6195, i_loss: 0.1566, mask_loss: 0.4512, loss_rpn_cls: 0.0164, loss_rpn_bbox: 0.0426, loss_cls: 0.1606, acc: 93.2461, loss_bbox: 0.3177, loss: 1.1451
2024-08-06 14:12:39,403 - mmdet - INFO - Saving checkpoint at 5 epochs
2024-08-06 14:13:49,690 - mmdet - INFO - Evaluating bbox...
2024-08-06 14:13:55,033 - mmdet - INFO - 
+----------+--------+----------+--------+----------+--------+
| category | AP50   | category | AP50   | category | AP50   |
+----------+--------+----------+--------+----------+--------+
| car      | 0.8660 | person   | 0.7644 | bicycle  | 0.5549 |
+----------+--------+----------+--------+----------+--------+
2024-08-06 14:13:55,086 - mmdet - INFO - Exp name: faster_rcnn_r50_fpn_tinet_flir.py
2024-08-06 14:13:55,087 - mmdet - INFO - Epoch(val) [5][1013]	bbox_mAP: 0.3365, bbox_mAP_50: 0.7284, bbox_mAP_75: 0.2581, bbox_mAP_s: 0.2207, bbox_mAP_m: 0.4032, bbox_mAP_l: 0.4418, bbox_mAP_copypaste: 0.3365 0.7284 0.2581 0.2207 0.4032 0.4418
2024-08-06 14:14:21,370 - mmdet - INFO - Epoch [6][50/1032]	lr: 5.000e-03, eta: 0:54:02, time: 0.525, data_time: 0.072, memory: 6195, i_loss: 0.1567, mask_loss: 0.4551, loss_rpn_cls: 0.0168, loss_rpn_bbox: 0.0439, loss_cls: 0.1499, acc: 93.6562, loss_bbox: 0.2933, loss: 1.1157
2024-08-06 14:14:44,445 - mmdet - INFO - Epoch [6][100/1032]	lr: 5.000e-03, eta: 0:53:40, time: 0.461, data_time: 0.010, memory: 6195, i_loss: 0.1566, mask_loss: 0.4480, loss_rpn_cls: 0.0167, loss_rpn_bbox: 0.0392, loss_cls: 0.1429, acc: 94.0791, loss_bbox: 0.2853, loss: 1.0887
2024-08-06 14:15:07,628 - mmdet - INFO - Epoch [6][150/1032]	lr: 5.000e-03, eta: 0:53:18, time: 0.464, data_time: 0.012, memory: 6195, i_loss: 0.1566, mask_loss: 0.4497, loss_rpn_cls: 0.0156, loss_rpn_bbox: 0.0395, loss_cls: 0.1485, acc: 93.8115, loss_bbox: 0.2892, loss: 1.0991
2024-08-06 14:15:30,752 - mmdet - INFO - Epoch [6][200/1032]	lr: 5.000e-03, eta: 0:52:56, time: 0.462, data_time: 0.011, memory: 6195, i_loss: 0.1567, mask_loss: 0.4537, loss_rpn_cls: 0.0129, loss_rpn_bbox: 0.0382, loss_cls: 0.1406, acc: 94.0186, loss_bbox: 0.2841, loss: 1.0863
2024-08-06 14:15:53,822 - mmdet - INFO - Epoch [6][250/1032]	lr: 5.000e-03, eta: 0:52:34, time: 0.461, data_time: 0.010, memory: 6195, i_loss: 0.1566, mask_loss: 0.4518, loss_rpn_cls: 0.0137, loss_rpn_bbox: 0.0393, loss_cls: 0.1411, acc: 93.9785, loss_bbox: 0.2936, loss: 1.0961
2024-08-06 14:16:16,957 - mmdet - INFO - Epoch [6][300/1032]	lr: 5.000e-03, eta: 0:52:12, time: 0.463, data_time: 0.010, memory: 6195, i_loss: 0.1566, mask_loss: 0.4497, loss_rpn_cls: 0.0156, loss_rpn_bbox: 0.0416, loss_cls: 0.1538, acc: 93.5928, loss_bbox: 0.2976, loss: 1.1150
2024-08-06 14:16:39,864 - mmdet - INFO - Epoch [6][350/1032]	lr: 5.000e-03, eta: 0:51:50, time: 0.458, data_time: 0.009, memory: 6195, i_loss: 0.1567, mask_loss: 0.4529, loss_rpn_cls: 0.0170, loss_rpn_bbox: 0.0407, loss_cls: 0.1517, acc: 93.7002, loss_bbox: 0.3060, loss: 1.1249
2024-08-06 14:17:03,123 - mmdet - INFO - Epoch [6][400/1032]	lr: 5.000e-03, eta: 0:51:28, time: 0.465, data_time: 0.011, memory: 6195, i_loss: 0.1566, mask_loss: 0.4575, loss_rpn_cls: 0.0173, loss_rpn_bbox: 0.0414, loss_cls: 0.1579, acc: 93.4785, loss_bbox: 0.2948, loss: 1.1255
2024-08-06 14:17:26,047 - mmdet - INFO - Epoch [6][450/1032]	lr: 5.000e-03, eta: 0:51:06, time: 0.458, data_time: 0.009, memory: 6195, i_loss: 0.1566, mask_loss: 0.4509, loss_rpn_cls: 0.0135, loss_rpn_bbox: 0.0405, loss_cls: 0.1480, acc: 93.8311, loss_bbox: 0.2933, loss: 1.1029
2024-08-06 14:17:49,364 - mmdet - INFO - Epoch [6][500/1032]	lr: 5.000e-03, eta: 0:50:44, time: 0.466, data_time: 0.010, memory: 6195, i_loss: 0.1566, mask_loss: 0.4492, loss_rpn_cls: 0.0138, loss_rpn_bbox: 0.0444, loss_cls: 0.1604, acc: 93.2197, loss_bbox: 0.3219, loss: 1.1464
2024-08-06 14:18:12,458 - mmdet - INFO - Epoch [6][550/1032]	lr: 5.000e-03, eta: 0:50:22, time: 0.462, data_time: 0.009, memory: 6195, i_loss: 0.1566, mask_loss: 0.4553, loss_rpn_cls: 0.0162, loss_rpn_bbox: 0.0450, loss_cls: 0.1564, acc: 93.4199, loss_bbox: 0.3036, loss: 1.1331
2024-08-06 14:18:35,489 - mmdet - INFO - Epoch [6][600/1032]	lr: 5.000e-03, eta: 0:49:59, time: 0.461, data_time: 0.009, memory: 6195, i_loss: 0.1566, mask_loss: 0.4547, loss_rpn_cls: 0.0143, loss_rpn_bbox: 0.0410, loss_cls: 0.1403, acc: 94.0410, loss_bbox: 0.2841, loss: 1.0911
2024-08-06 14:18:58,683 - mmdet - INFO - Epoch [6][650/1032]	lr: 5.000e-03, eta: 0:49:37, time: 0.464, data_time: 0.010, memory: 6195, i_loss: 0.1566, mask_loss: 0.4494, loss_rpn_cls: 0.0136, loss_rpn_bbox: 0.0420, loss_cls: 0.1542, acc: 93.5664, loss_bbox: 0.3085, loss: 1.1243
2024-08-06 14:19:21,897 - mmdet - INFO - Epoch [6][700/1032]	lr: 5.000e-03, eta: 0:49:15, time: 0.464, data_time: 0.010, memory: 6195, i_loss: 0.1566, mask_loss: 0.4532, loss_rpn_cls: 0.0163, loss_rpn_bbox: 0.0416, loss_cls: 0.1476, acc: 93.8164, loss_bbox: 0.2938, loss: 1.1092
2024-08-06 14:19:44,965 - mmdet - INFO - Epoch [6][750/1032]	lr: 5.000e-03, eta: 0:48:53, time: 0.461, data_time: 0.010, memory: 6195, i_loss: 0.1566, mask_loss: 0.4508, loss_rpn_cls: 0.0150, loss_rpn_bbox: 0.0439, loss_cls: 0.1520, acc: 93.5107, loss_bbox: 0.2994, loss: 1.1179
2024-08-06 14:20:08,358 - mmdet - INFO - Epoch [6][800/1032]	lr: 5.000e-03, eta: 0:48:31, time: 0.468, data_time: 0.010, memory: 6195, i_loss: 0.1566, mask_loss: 0.4537, loss_rpn_cls: 0.0188, loss_rpn_bbox: 0.0428, loss_cls: 0.1505, acc: 93.5742, loss_bbox: 0.2970, loss: 1.1193
2024-08-06 14:20:31,502 - mmdet - INFO - Epoch [6][850/1032]	lr: 5.000e-03, eta: 0:48:09, time: 0.463, data_time: 0.009, memory: 6195, i_loss: 0.1566, mask_loss: 0.4574, loss_rpn_cls: 0.0144, loss_rpn_bbox: 0.0470, loss_cls: 0.1593, acc: 93.2627, loss_bbox: 0.3035, loss: 1.1383
2024-08-06 14:20:54,562 - mmdet - INFO - Epoch [6][900/1032]	lr: 5.000e-03, eta: 0:47:47, time: 0.461, data_time: 0.009, memory: 6195, i_loss: 0.1567, mask_loss: 0.4475, loss_rpn_cls: 0.0157, loss_rpn_bbox: 0.0435, loss_cls: 0.1596, acc: 93.2119, loss_bbox: 0.3135, loss: 1.1365
2024-08-06 14:21:17,800 - mmdet - INFO - Epoch [6][950/1032]	lr: 5.000e-03, eta: 0:47:25, time: 0.465, data_time: 0.011, memory: 6195, i_loss: 0.1566, mask_loss: 0.4564, loss_rpn_cls: 0.0124, loss_rpn_bbox: 0.0367, loss_cls: 0.1373, acc: 94.2480, loss_bbox: 0.2804, loss: 1.0799
2024-08-06 14:21:41,236 - mmdet - INFO - Epoch [6][1000/1032]	lr: 5.000e-03, eta: 0:47:03, time: 0.469, data_time: 0.011, memory: 6195, i_loss: 0.1567, mask_loss: 0.4569, loss_rpn_cls: 0.0138, loss_rpn_bbox: 0.0400, loss_cls: 0.1448, acc: 93.9980, loss_bbox: 0.2868, loss: 1.0990
2024-08-06 14:21:56,194 - mmdet - INFO - Saving checkpoint at 6 epochs
2024-08-06 14:23:04,181 - mmdet - INFO - Evaluating bbox...
2024-08-06 14:23:09,441 - mmdet - INFO - 
+----------+--------+----------+--------+----------+--------+
| category | AP50   | category | AP50   | category | AP50   |
+----------+--------+----------+--------+----------+--------+
| car      | 0.8720 | person   | 0.7834 | bicycle  | 0.5864 |
+----------+--------+----------+--------+----------+--------+
2024-08-06 14:23:09,483 - mmdet - INFO - Exp name: faster_rcnn_r50_fpn_tinet_flir.py
2024-08-06 14:23:09,484 - mmdet - INFO - Epoch(val) [6][1013]	bbox_mAP: 0.3566, bbox_mAP_50: 0.7472, bbox_mAP_75: 0.2846, bbox_mAP_s: 0.2473, bbox_mAP_m: 0.4173, bbox_mAP_l: 0.4485, bbox_mAP_copypaste: 0.3566 0.7472 0.2846 0.2473 0.4173 0.4485
2024-08-06 14:23:36,340 - mmdet - INFO - Epoch [7][50/1032]	lr: 5.000e-03, eta: 0:46:16, time: 0.537, data_time: 0.074, memory: 6195, i_loss: 0.1566, mask_loss: 0.4522, loss_rpn_cls: 0.0133, loss_rpn_bbox: 0.0408, loss_cls: 0.1450, acc: 93.9277, loss_bbox: 0.2937, loss: 1.1015
2024-08-06 14:23:59,485 - mmdet - INFO - Epoch [7][100/1032]	lr: 5.000e-03, eta: 0:45:54, time: 0.463, data_time: 0.010, memory: 6195, i_loss: 0.1566, mask_loss: 0.4549, loss_rpn_cls: 0.0128, loss_rpn_bbox: 0.0382, loss_cls: 0.1340, acc: 94.3418, loss_bbox: 0.2751, loss: 1.0716
2024-08-06 14:24:22,338 - mmdet - INFO - Epoch [7][150/1032]	lr: 5.000e-03, eta: 0:45:31, time: 0.457, data_time: 0.009, memory: 6195, i_loss: 0.1566, mask_loss: 0.4523, loss_rpn_cls: 0.0118, loss_rpn_bbox: 0.0393, loss_cls: 0.1378, acc: 94.1836, loss_bbox: 0.2864, loss: 1.0842
2024-08-06 14:24:45,238 - mmdet - INFO - Epoch [7][200/1032]	lr: 5.000e-03, eta: 0:45:09, time: 0.458, data_time: 0.010, memory: 6195, i_loss: 0.1567, mask_loss: 0.4506, loss_rpn_cls: 0.0143, loss_rpn_bbox: 0.0411, loss_cls: 0.1488, acc: 93.6855, loss_bbox: 0.2982, loss: 1.1097
2024-08-06 14:25:08,483 - mmdet - INFO - Epoch [7][250/1032]	lr: 5.000e-03, eta: 0:44:47, time: 0.465, data_time: 0.010, memory: 6195, i_loss: 0.1566, mask_loss: 0.4547, loss_rpn_cls: 0.0158, loss_rpn_bbox: 0.0394, loss_cls: 0.1449, acc: 93.9072, loss_bbox: 0.2842, loss: 1.0955
2024-08-06 14:25:31,625 - mmdet - INFO - Epoch [7][300/1032]	lr: 5.000e-03, eta: 0:44:25, time: 0.463, data_time: 0.010, memory: 6195, i_loss: 0.1566, mask_loss: 0.4508, loss_rpn_cls: 0.0148, loss_rpn_bbox: 0.0406, loss_cls: 0.1443, acc: 93.9609, loss_bbox: 0.2840, loss: 1.0911
2024-08-06 14:25:55,255 - mmdet - INFO - Epoch [7][350/1032]	lr: 5.000e-03, eta: 0:44:03, time: 0.473, data_time: 0.012, memory: 6195, i_loss: 0.1566, mask_loss: 0.4526, loss_rpn_cls: 0.0139, loss_rpn_bbox: 0.0414, loss_cls: 0.1442, acc: 93.9170, loss_bbox: 0.2945, loss: 1.1033
2024-08-06 14:26:18,505 - mmdet - INFO - Epoch [7][400/1032]	lr: 5.000e-03, eta: 0:43:41, time: 0.465, data_time: 0.010, memory: 6195, i_loss: 0.1567, mask_loss: 0.4488, loss_rpn_cls: 0.0141, loss_rpn_bbox: 0.0426, loss_cls: 0.1438, acc: 93.8652, loss_bbox: 0.2930, loss: 1.0990
2024-08-06 14:26:41,954 - mmdet - INFO - Epoch [7][450/1032]	lr: 5.000e-03, eta: 0:43:19, time: 0.469, data_time: 0.009, memory: 6195, i_loss: 0.1566, mask_loss: 0.4508, loss_rpn_cls: 0.0133, loss_rpn_bbox: 0.0389, loss_cls: 0.1421, acc: 94.0508, loss_bbox: 0.2965, loss: 1.0983
2024-08-06 14:27:05,533 - mmdet - INFO - Epoch [7][500/1032]	lr: 5.000e-03, eta: 0:42:57, time: 0.472, data_time: 0.010, memory: 6195, i_loss: 0.1566, mask_loss: 0.4529, loss_rpn_cls: 0.0126, loss_rpn_bbox: 0.0405, loss_cls: 0.1382, acc: 94.1250, loss_bbox: 0.2786, loss: 1.0796
2024-08-06 14:27:28,940 - mmdet - INFO - Epoch [7][550/1032]	lr: 5.000e-03, eta: 0:42:35, time: 0.468, data_time: 0.011, memory: 6195, i_loss: 0.1566, mask_loss: 0.4543, loss_rpn_cls: 0.0141, loss_rpn_bbox: 0.0373, loss_cls: 0.1395, acc: 94.0859, loss_bbox: 0.2831, loss: 1.0850
2024-08-06 14:27:52,273 - mmdet - INFO - Epoch [7][600/1032]	lr: 5.000e-03, eta: 0:42:13, time: 0.467, data_time: 0.011, memory: 6195, i_loss: 0.1566, mask_loss: 0.4530, loss_rpn_cls: 0.0125, loss_rpn_bbox: 0.0380, loss_cls: 0.1389, acc: 94.1553, loss_bbox: 0.2875, loss: 1.0865
2024-08-06 14:28:15,402 - mmdet - INFO - Epoch [7][650/1032]	lr: 5.000e-03, eta: 0:41:51, time: 0.463, data_time: 0.009, memory: 6195, i_loss: 0.1567, mask_loss: 0.4514, loss_rpn_cls: 0.0146, loss_rpn_bbox: 0.0434, loss_cls: 0.1510, acc: 93.5771, loss_bbox: 0.3016, loss: 1.1185
2024-08-06 14:28:38,492 - mmdet - INFO - Epoch [7][700/1032]	lr: 5.000e-03, eta: 0:41:28, time: 0.462, data_time: 0.009, memory: 6195, i_loss: 0.1566, mask_loss: 0.4537, loss_rpn_cls: 0.0132, loss_rpn_bbox: 0.0418, loss_cls: 0.1430, acc: 94.0498, loss_bbox: 0.2908, loss: 1.0992
2024-08-06 14:29:01,614 - mmdet - INFO - Epoch [7][750/1032]	lr: 5.000e-03, eta: 0:41:06, time: 0.462, data_time: 0.010, memory: 6195, i_loss: 0.1566, mask_loss: 0.4537, loss_rpn_cls: 0.0134, loss_rpn_bbox: 0.0414, loss_cls: 0.1376, acc: 94.2324, loss_bbox: 0.2828, loss: 1.0856
2024-08-06 14:29:25,058 - mmdet - INFO - Epoch [7][800/1032]	lr: 5.000e-03, eta: 0:40:44, time: 0.469, data_time: 0.011, memory: 6195, i_loss: 0.1567, mask_loss: 0.4519, loss_rpn_cls: 0.0150, loss_rpn_bbox: 0.0415, loss_cls: 0.1425, acc: 93.9678, loss_bbox: 0.2889, loss: 1.0964
2024-08-06 14:29:48,305 - mmdet - INFO - Epoch [7][850/1032]	lr: 5.000e-03, eta: 0:40:22, time: 0.465, data_time: 0.010, memory: 6195, i_loss: 0.1566, mask_loss: 0.4548, loss_rpn_cls: 0.0151, loss_rpn_bbox: 0.0419, loss_cls: 0.1481, acc: 93.9258, loss_bbox: 0.2850, loss: 1.1014
2024-08-06 14:30:11,435 - mmdet - INFO - Epoch [7][900/1032]	lr: 5.000e-03, eta: 0:40:00, time: 0.463, data_time: 0.010, memory: 6195, i_loss: 0.1566, mask_loss: 0.4538, loss_rpn_cls: 0.0123, loss_rpn_bbox: 0.0393, loss_cls: 0.1340, acc: 94.2793, loss_bbox: 0.2768, loss: 1.0728
2024-08-06 14:30:34,961 - mmdet - INFO - Epoch [7][950/1032]	lr: 5.000e-03, eta: 0:39:37, time: 0.470, data_time: 0.011, memory: 6195, i_loss: 0.1567, mask_loss: 0.4521, loss_rpn_cls: 0.0144, loss_rpn_bbox: 0.0408, loss_cls: 0.1468, acc: 93.7881, loss_bbox: 0.2899, loss: 1.1007
2024-08-06 14:30:58,533 - mmdet - INFO - Epoch [7][1000/1032]	lr: 5.000e-03, eta: 0:39:15, time: 0.471, data_time: 0.011, memory: 6195, i_loss: 0.1566, mask_loss: 0.4471, loss_rpn_cls: 0.0145, loss_rpn_bbox: 0.0416, loss_cls: 0.1436, acc: 93.8623, loss_bbox: 0.2956, loss: 1.0990
2024-08-06 14:31:13,469 - mmdet - INFO - Saving checkpoint at 7 epochs
2024-08-06 14:32:24,111 - mmdet - INFO - Evaluating bbox...
2024-08-06 14:32:29,669 - mmdet - INFO - 
+----------+--------+----------+--------+----------+--------+
| category | AP50   | category | AP50   | category | AP50   |
+----------+--------+----------+--------+----------+--------+
| car      | 0.8818 | person   | 0.7890 | bicycle  | 0.5257 |
+----------+--------+----------+--------+----------+--------+
2024-08-06 14:32:29,719 - mmdet - INFO - Exp name: faster_rcnn_r50_fpn_tinet_flir.py
2024-08-06 14:32:29,719 - mmdet - INFO - Epoch(val) [7][1013]	bbox_mAP: 0.3456, bbox_mAP_50: 0.7322, bbox_mAP_75: 0.2799, bbox_mAP_s: 0.2350, bbox_mAP_m: 0.4072, bbox_mAP_l: 0.4364, bbox_mAP_copypaste: 0.3456 0.7322 0.2799 0.2350 0.4072 0.4364
2024-08-06 14:32:56,236 - mmdet - INFO - Epoch [8][50/1032]	lr: 5.000e-03, eta: 0:38:31, time: 0.530, data_time: 0.071, memory: 6195, i_loss: 0.1566, mask_loss: 0.4483, loss_rpn_cls: 0.0148, loss_rpn_bbox: 0.0452, loss_cls: 0.1529, acc: 93.5957, loss_bbox: 0.3087, loss: 1.1264
2024-08-06 14:33:19,468 - mmdet - INFO - Epoch [8][100/1032]	lr: 5.000e-03, eta: 0:38:09, time: 0.465, data_time: 0.011, memory: 6195, i_loss: 0.1567, mask_loss: 0.4521, loss_rpn_cls: 0.0131, loss_rpn_bbox: 0.0405, loss_cls: 0.1335, acc: 94.3594, loss_bbox: 0.2773, loss: 1.0732
2024-08-06 14:33:42,454 - mmdet - INFO - Epoch [8][150/1032]	lr: 5.000e-03, eta: 0:37:46, time: 0.460, data_time: 0.010, memory: 6195, i_loss: 0.1566, mask_loss: 0.4538, loss_rpn_cls: 0.0091, loss_rpn_bbox: 0.0355, loss_cls: 0.1159, acc: 95.1797, loss_bbox: 0.2517, loss: 1.0226
2024-08-06 14:34:05,634 - mmdet - INFO - Epoch [8][200/1032]	lr: 5.000e-03, eta: 0:37:24, time: 0.464, data_time: 0.009, memory: 6195, i_loss: 0.1567, mask_loss: 0.4537, loss_rpn_cls: 0.0132, loss_rpn_bbox: 0.0377, loss_cls: 0.1304, acc: 94.5127, loss_bbox: 0.2678, loss: 1.0595
2024-08-06 14:34:28,827 - mmdet - INFO - Epoch [8][250/1032]	lr: 5.000e-03, eta: 0:37:02, time: 0.464, data_time: 0.011, memory: 6195, i_loss: 0.1567, mask_loss: 0.4581, loss_rpn_cls: 0.0115, loss_rpn_bbox: 0.0375, loss_cls: 0.1265, acc: 94.6113, loss_bbox: 0.2657, loss: 1.0560
2024-08-06 14:34:51,845 - mmdet - INFO - Epoch [8][300/1032]	lr: 5.000e-03, eta: 0:36:39, time: 0.460, data_time: 0.010, memory: 6195, i_loss: 0.1566, mask_loss: 0.4508, loss_rpn_cls: 0.0134, loss_rpn_bbox: 0.0399, loss_cls: 0.1345, acc: 94.2705, loss_bbox: 0.2848, loss: 1.0800
2024-08-06 14:35:14,992 - mmdet - INFO - Epoch [8][350/1032]	lr: 5.000e-03, eta: 0:36:17, time: 0.463, data_time: 0.009, memory: 6195, i_loss: 0.1566, mask_loss: 0.4489, loss_rpn_cls: 0.0144, loss_rpn_bbox: 0.0461, loss_cls: 0.1532, acc: 93.4814, loss_bbox: 0.3141, loss: 1.1333
2024-08-06 14:35:38,176 - mmdet - INFO - Epoch [8][400/1032]	lr: 5.000e-03, eta: 0:35:55, time: 0.464, data_time: 0.010, memory: 6195, i_loss: 0.1567, mask_loss: 0.4509, loss_rpn_cls: 0.0119, loss_rpn_bbox: 0.0396, loss_cls: 0.1384, acc: 94.1494, loss_bbox: 0.2856, loss: 1.0832
2024-08-06 14:36:01,316 - mmdet - INFO - Epoch [8][450/1032]	lr: 5.000e-03, eta: 0:35:32, time: 0.463, data_time: 0.011, memory: 6195, i_loss: 0.1566, mask_loss: 0.4505, loss_rpn_cls: 0.0127, loss_rpn_bbox: 0.0400, loss_cls: 0.1363, acc: 94.1797, loss_bbox: 0.2853, loss: 1.0815
2024-08-06 14:36:24,694 - mmdet - INFO - Epoch [8][500/1032]	lr: 5.000e-03, eta: 0:35:10, time: 0.468, data_time: 0.011, memory: 6195, i_loss: 0.1566, mask_loss: 0.4504, loss_rpn_cls: 0.0126, loss_rpn_bbox: 0.0396, loss_cls: 0.1362, acc: 94.3271, loss_bbox: 0.2826, loss: 1.0779
2024-08-06 14:36:48,195 - mmdet - INFO - Epoch [8][550/1032]	lr: 5.000e-03, eta: 0:34:48, time: 0.470, data_time: 0.011, memory: 6195, i_loss: 0.1566, mask_loss: 0.4550, loss_rpn_cls: 0.0130, loss_rpn_bbox: 0.0391, loss_cls: 0.1328, acc: 94.3662, loss_bbox: 0.2762, loss: 1.0727
2024-08-06 14:37:11,310 - mmdet - INFO - Epoch [8][600/1032]	lr: 5.000e-03, eta: 0:34:26, time: 0.462, data_time: 0.012, memory: 6195, i_loss: 0.1566, mask_loss: 0.4597, loss_rpn_cls: 0.0095, loss_rpn_bbox: 0.0333, loss_cls: 0.1200, acc: 95.1113, loss_bbox: 0.2336, loss: 1.0126
2024-08-06 14:37:34,581 - mmdet - INFO - Epoch [8][650/1032]	lr: 5.000e-03, eta: 0:34:03, time: 0.465, data_time: 0.011, memory: 6195, i_loss: 0.1566, mask_loss: 0.4461, loss_rpn_cls: 0.0128, loss_rpn_bbox: 0.0415, loss_cls: 0.1343, acc: 94.2588, loss_bbox: 0.2751, loss: 1.0665
2024-08-06 14:37:57,770 - mmdet - INFO - Epoch [8][700/1032]	lr: 5.000e-03, eta: 0:33:41, time: 0.464, data_time: 0.011, memory: 6195, i_loss: 0.1566, mask_loss: 0.4532, loss_rpn_cls: 0.0125, loss_rpn_bbox: 0.0390, loss_cls: 0.1415, acc: 94.0566, loss_bbox: 0.2794, loss: 1.0822
2024-08-06 14:38:20,634 - mmdet - INFO - Epoch [8][750/1032]	lr: 5.000e-03, eta: 0:33:18, time: 0.457, data_time: 0.009, memory: 6195, i_loss: 0.1567, mask_loss: 0.4531, loss_rpn_cls: 0.0108, loss_rpn_bbox: 0.0353, loss_cls: 0.1290, acc: 94.5166, loss_bbox: 0.2655, loss: 1.0504
2024-08-06 14:38:43,848 - mmdet - INFO - Epoch [8][800/1032]	lr: 5.000e-03, eta: 0:32:56, time: 0.464, data_time: 0.010, memory: 6195, i_loss: 0.1566, mask_loss: 0.4590, loss_rpn_cls: 0.0147, loss_rpn_bbox: 0.0350, loss_cls: 0.1314, acc: 94.4775, loss_bbox: 0.2643, loss: 1.0609
2024-08-06 14:39:06,994 - mmdet - INFO - Epoch [8][850/1032]	lr: 5.000e-03, eta: 0:32:34, time: 0.463, data_time: 0.010, memory: 6195, i_loss: 0.1566, mask_loss: 0.4564, loss_rpn_cls: 0.0111, loss_rpn_bbox: 0.0385, loss_cls: 0.1374, acc: 94.2324, loss_bbox: 0.2871, loss: 1.0871
2024-08-06 14:39:30,326 - mmdet - INFO - Epoch [8][900/1032]	lr: 5.000e-03, eta: 0:32:11, time: 0.467, data_time: 0.010, memory: 6195, i_loss: 0.1566, mask_loss: 0.4521, loss_rpn_cls: 0.0129, loss_rpn_bbox: 0.0377, loss_cls: 0.1356, acc: 94.2949, loss_bbox: 0.2790, loss: 1.0738
2024-08-06 14:39:53,489 - mmdet - INFO - Epoch [8][950/1032]	lr: 5.000e-03, eta: 0:31:49, time: 0.463, data_time: 0.011, memory: 6195, i_loss: 0.1567, mask_loss: 0.4542, loss_rpn_cls: 0.0113, loss_rpn_bbox: 0.0363, loss_cls: 0.1242, acc: 94.6943, loss_bbox: 0.2611, loss: 1.0438
2024-08-06 14:40:16,940 - mmdet - INFO - Epoch [8][1000/1032]	lr: 5.000e-03, eta: 0:31:27, time: 0.469, data_time: 0.011, memory: 6195, i_loss: 0.1566, mask_loss: 0.4472, loss_rpn_cls: 0.0130, loss_rpn_bbox: 0.0426, loss_cls: 0.1364, acc: 94.2676, loss_bbox: 0.2782, loss: 1.0740
2024-08-06 14:40:32,015 - mmdet - INFO - Saving checkpoint at 8 epochs
2024-08-06 14:41:39,722 - mmdet - INFO - Evaluating bbox...
2024-08-06 14:41:44,913 - mmdet - INFO - 
+----------+--------+----------+--------+----------+--------+
| category | AP50   | category | AP50   | category | AP50   |
+----------+--------+----------+--------+----------+--------+
| car      | 0.8738 | person   | 0.7805 | bicycle  | 0.5904 |
+----------+--------+----------+--------+----------+--------+
2024-08-06 14:41:44,956 - mmdet - INFO - Exp name: faster_rcnn_r50_fpn_tinet_flir.py
2024-08-06 14:41:44,957 - mmdet - INFO - Epoch(val) [8][1013]	bbox_mAP: 0.3505, bbox_mAP_50: 0.7482, bbox_mAP_75: 0.2746, bbox_mAP_s: 0.2344, bbox_mAP_m: 0.4169, bbox_mAP_l: 0.4519, bbox_mAP_copypaste: 0.3505 0.7482 0.2746 0.2344 0.4169 0.4519
2024-08-06 14:42:11,517 - mmdet - INFO - Epoch [9][50/1032]	lr: 5.000e-04, eta: 0:30:44, time: 0.531, data_time: 0.074, memory: 6195, i_loss: 0.1567, mask_loss: 0.4545, loss_rpn_cls: 0.0105, loss_rpn_bbox: 0.0370, loss_cls: 0.1313, acc: 94.4863, loss_bbox: 0.2628, loss: 1.0528
2024-08-06 14:42:34,242 - mmdet - INFO - Epoch [9][100/1032]	lr: 5.000e-04, eta: 0:30:22, time: 0.454, data_time: 0.009, memory: 6195, i_loss: 0.1566, mask_loss: 0.4510, loss_rpn_cls: 0.0089, loss_rpn_bbox: 0.0319, loss_cls: 0.1168, acc: 95.1592, loss_bbox: 0.2415, loss: 1.0068
2024-08-06 14:42:57,137 - mmdet - INFO - Epoch [9][150/1032]	lr: 5.000e-04, eta: 0:29:59, time: 0.458, data_time: 0.009, memory: 6195, i_loss: 0.1566, mask_loss: 0.4504, loss_rpn_cls: 0.0095, loss_rpn_bbox: 0.0311, loss_cls: 0.1152, acc: 95.1357, loss_bbox: 0.2477, loss: 1.0106
2024-08-06 14:43:19,844 - mmdet - INFO - Epoch [9][200/1032]	lr: 5.000e-04, eta: 0:29:37, time: 0.454, data_time: 0.009, memory: 6195, i_loss: 0.1566, mask_loss: 0.4506, loss_rpn_cls: 0.0106, loss_rpn_bbox: 0.0330, loss_cls: 0.1196, acc: 94.9482, loss_bbox: 0.2504, loss: 1.0208
2024-08-06 14:43:42,454 - mmdet - INFO - Epoch [9][250/1032]	lr: 5.000e-04, eta: 0:29:14, time: 0.452, data_time: 0.009, memory: 6195, i_loss: 0.1566, mask_loss: 0.4497, loss_rpn_cls: 0.0092, loss_rpn_bbox: 0.0361, loss_cls: 0.1248, acc: 94.7295, loss_bbox: 0.2572, loss: 1.0337
2024-08-06 14:44:05,570 - mmdet - INFO - Epoch [9][300/1032]	lr: 5.000e-04, eta: 0:28:52, time: 0.462, data_time: 0.009, memory: 6195, i_loss: 0.1566, mask_loss: 0.4517, loss_rpn_cls: 0.0089, loss_rpn_bbox: 0.0339, loss_cls: 0.1205, acc: 94.8525, loss_bbox: 0.2547, loss: 1.0263
2024-08-06 14:44:28,606 - mmdet - INFO - Epoch [9][350/1032]	lr: 5.000e-04, eta: 0:28:29, time: 0.461, data_time: 0.009, memory: 6195, i_loss: 0.1566, mask_loss: 0.4489, loss_rpn_cls: 0.0115, loss_rpn_bbox: 0.0337, loss_cls: 0.1130, acc: 95.2266, loss_bbox: 0.2444, loss: 1.0082
2024-08-06 14:44:51,745 - mmdet - INFO - Epoch [9][400/1032]	lr: 5.000e-04, eta: 0:28:07, time: 0.463, data_time: 0.010, memory: 6195, i_loss: 0.1566, mask_loss: 0.4537, loss_rpn_cls: 0.0089, loss_rpn_bbox: 0.0334, loss_cls: 0.1174, acc: 95.0098, loss_bbox: 0.2430, loss: 1.0131
2024-08-06 14:45:15,149 - mmdet - INFO - Epoch [9][450/1032]	lr: 5.000e-04, eta: 0:27:44, time: 0.468, data_time: 0.011, memory: 6195, i_loss: 0.1566, mask_loss: 0.4526, loss_rpn_cls: 0.0104, loss_rpn_bbox: 0.0366, loss_cls: 0.1179, acc: 94.9355, loss_bbox: 0.2493, loss: 1.0235
2024-08-06 14:45:38,389 - mmdet - INFO - Epoch [9][500/1032]	lr: 5.000e-04, eta: 0:27:22, time: 0.465, data_time: 0.010, memory: 6195, i_loss: 0.1567, mask_loss: 0.4531, loss_rpn_cls: 0.0105, loss_rpn_bbox: 0.0348, loss_cls: 0.1212, acc: 94.8594, loss_bbox: 0.2530, loss: 1.0293
2024-08-06 14:46:01,833 - mmdet - INFO - Epoch [9][550/1032]	lr: 5.000e-04, eta: 0:27:00, time: 0.469, data_time: 0.011, memory: 6195, i_loss: 0.1566, mask_loss: 0.4474, loss_rpn_cls: 0.0103, loss_rpn_bbox: 0.0413, loss_cls: 0.1301, acc: 94.4287, loss_bbox: 0.2739, loss: 1.0596
2024-08-06 14:46:25,539 - mmdet - INFO - Epoch [9][600/1032]	lr: 5.000e-04, eta: 0:26:37, time: 0.474, data_time: 0.011, memory: 6195, i_loss: 0.1566, mask_loss: 0.4514, loss_rpn_cls: 0.0089, loss_rpn_bbox: 0.0329, loss_cls: 0.1198, acc: 94.9287, loss_bbox: 0.2494, loss: 1.0190
2024-08-06 14:46:48,845 - mmdet - INFO - Epoch [9][650/1032]	lr: 5.000e-04, eta: 0:26:15, time: 0.466, data_time: 0.011, memory: 6195, i_loss: 0.1566, mask_loss: 0.4507, loss_rpn_cls: 0.0093, loss_rpn_bbox: 0.0327, loss_cls: 0.1147, acc: 95.2520, loss_bbox: 0.2395, loss: 1.0037
2024-08-06 14:47:12,115 - mmdet - INFO - Epoch [9][700/1032]	lr: 5.000e-04, eta: 0:25:53, time: 0.465, data_time: 0.010, memory: 6195, i_loss: 0.1566, mask_loss: 0.4509, loss_rpn_cls: 0.0096, loss_rpn_bbox: 0.0317, loss_cls: 0.1174, acc: 95.0391, loss_bbox: 0.2480, loss: 1.0142
2024-08-06 14:47:35,117 - mmdet - INFO - Epoch [9][750/1032]	lr: 5.000e-04, eta: 0:25:30, time: 0.460, data_time: 0.009, memory: 6195, i_loss: 0.1566, mask_loss: 0.4519, loss_rpn_cls: 0.0094, loss_rpn_bbox: 0.0350, loss_cls: 0.1189, acc: 94.9443, loss_bbox: 0.2459, loss: 1.0176
2024-08-06 14:47:58,447 - mmdet - INFO - Epoch [9][800/1032]	lr: 5.000e-04, eta: 0:25:08, time: 0.467, data_time: 0.010, memory: 6195, i_loss: 0.1569, mask_loss: 0.4502, loss_rpn_cls: 0.0103, loss_rpn_bbox: 0.0347, loss_cls: 0.1174, acc: 94.9922, loss_bbox: 0.2514, loss: 1.0209
2024-08-06 14:48:21,496 - mmdet - INFO - Epoch [9][850/1032]	lr: 5.000e-04, eta: 0:24:45, time: 0.461, data_time: 0.010, memory: 6195, i_loss: 0.1566, mask_loss: 0.4590, loss_rpn_cls: 0.0081, loss_rpn_bbox: 0.0313, loss_cls: 0.1061, acc: 95.4873, loss_bbox: 0.2258, loss: 0.9870
2024-08-06 14:48:44,553 - mmdet - INFO - Epoch [9][900/1032]	lr: 5.000e-04, eta: 0:24:23, time: 0.461, data_time: 0.010, memory: 6195, i_loss: 0.1566, mask_loss: 0.4510, loss_rpn_cls: 0.0099, loss_rpn_bbox: 0.0340, loss_cls: 0.1132, acc: 95.2285, loss_bbox: 0.2478, loss: 1.0127
2024-08-06 14:49:07,848 - mmdet - INFO - Epoch [9][950/1032]	lr: 5.000e-04, eta: 0:24:00, time: 0.466, data_time: 0.010, memory: 6195, i_loss: 0.1566, mask_loss: 0.4529, loss_rpn_cls: 0.0090, loss_rpn_bbox: 0.0280, loss_cls: 0.1075, acc: 95.4922, loss_bbox: 0.2267, loss: 0.9808
2024-08-06 14:49:31,283 - mmdet - INFO - Epoch [9][1000/1032]	lr: 5.000e-04, eta: 0:23:38, time: 0.469, data_time: 0.011, memory: 6195, i_loss: 0.1566, mask_loss: 0.4568, loss_rpn_cls: 0.0082, loss_rpn_bbox: 0.0302, loss_cls: 0.1090, acc: 95.3848, loss_bbox: 0.2314, loss: 0.9922
2024-08-06 14:49:46,262 - mmdet - INFO - Saving checkpoint at 9 epochs
2024-08-06 14:50:53,330 - mmdet - INFO - Evaluating bbox...
2024-08-06 14:50:57,657 - mmdet - INFO - 
+----------+--------+----------+--------+----------+--------+
| category | AP50   | category | AP50   | category | AP50   |
+----------+--------+----------+--------+----------+--------+
| car      | 0.8767 | person   | 0.7941 | bicycle  | 0.5964 |
+----------+--------+----------+--------+----------+--------+
2024-08-06 14:50:57,694 - mmdet - INFO - Exp name: faster_rcnn_r50_fpn_tinet_flir.py
2024-08-06 14:50:57,695 - mmdet - INFO - Epoch(val) [9][1013]	bbox_mAP: 0.3590, bbox_mAP_50: 0.7558, bbox_mAP_75: 0.2867, bbox_mAP_s: 0.2448, bbox_mAP_m: 0.4164, bbox_mAP_l: 0.4683, bbox_mAP_copypaste: 0.3590 0.7558 0.2867 0.2448 0.4164 0.4683
2024-08-06 14:51:23,643 - mmdet - INFO - Epoch [10][50/1032]	lr: 5.000e-04, eta: 0:22:57, time: 0.519, data_time: 0.067, memory: 6195, i_loss: 0.1566, mask_loss: 0.4488, loss_rpn_cls: 0.0085, loss_rpn_bbox: 0.0324, loss_cls: 0.1112, acc: 95.2959, loss_bbox: 0.2397, loss: 0.9972
2024-08-06 14:51:46,372 - mmdet - INFO - Epoch [10][100/1032]	lr: 5.000e-04, eta: 0:22:34, time: 0.455, data_time: 0.009, memory: 6195, i_loss: 0.1566, mask_loss: 0.4534, loss_rpn_cls: 0.0086, loss_rpn_bbox: 0.0357, loss_cls: 0.1189, acc: 94.8506, loss_bbox: 0.2578, loss: 1.0310
2024-08-06 14:52:09,372 - mmdet - INFO - Epoch [10][150/1032]	lr: 5.000e-04, eta: 0:22:12, time: 0.460, data_time: 0.010, memory: 6195, i_loss: 0.1566, mask_loss: 0.4536, loss_rpn_cls: 0.0090, loss_rpn_bbox: 0.0324, loss_cls: 0.1095, acc: 95.3623, loss_bbox: 0.2379, loss: 0.9990
2024-08-06 14:52:31,993 - mmdet - INFO - Epoch [10][200/1032]	lr: 5.000e-04, eta: 0:21:49, time: 0.452, data_time: 0.009, memory: 6195, i_loss: 0.1566, mask_loss: 0.4568, loss_rpn_cls: 0.0096, loss_rpn_bbox: 0.0328, loss_cls: 0.1114, acc: 95.2646, loss_bbox: 0.2364, loss: 1.0035
2024-08-06 14:52:55,158 - mmdet - INFO - Epoch [10][250/1032]	lr: 5.000e-04, eta: 0:21:27, time: 0.463, data_time: 0.010, memory: 6195, i_loss: 0.1566, mask_loss: 0.4549, loss_rpn_cls: 0.0095, loss_rpn_bbox: 0.0318, loss_cls: 0.1105, acc: 95.3291, loss_bbox: 0.2335, loss: 0.9969
2024-08-06 14:53:18,234 - mmdet - INFO - Epoch [10][300/1032]	lr: 5.000e-04, eta: 0:21:04, time: 0.462, data_time: 0.010, memory: 6195, i_loss: 0.1566, mask_loss: 0.4512, loss_rpn_cls: 0.0071, loss_rpn_bbox: 0.0293, loss_cls: 0.1039, acc: 95.6484, loss_bbox: 0.2201, loss: 0.9683
2024-08-06 14:53:41,572 - mmdet - INFO - Epoch [10][350/1032]	lr: 5.000e-04, eta: 0:20:42, time: 0.467, data_time: 0.009, memory: 6195, i_loss: 0.1566, mask_loss: 0.4442, loss_rpn_cls: 0.0089, loss_rpn_bbox: 0.0375, loss_cls: 0.1198, acc: 94.9297, loss_bbox: 0.2574, loss: 1.0244
2024-08-06 14:54:04,727 - mmdet - INFO - Epoch [10][400/1032]	lr: 5.000e-04, eta: 0:20:19, time: 0.463, data_time: 0.010, memory: 6195, i_loss: 0.1566, mask_loss: 0.4509, loss_rpn_cls: 0.0083, loss_rpn_bbox: 0.0337, loss_cls: 0.1151, acc: 95.1270, loss_bbox: 0.2496, loss: 1.0141
2024-08-06 14:54:27,973 - mmdet - INFO - Epoch [10][450/1032]	lr: 5.000e-04, eta: 0:19:57, time: 0.465, data_time: 0.010, memory: 6195, i_loss: 0.1566, mask_loss: 0.4505, loss_rpn_cls: 0.0096, loss_rpn_bbox: 0.0321, loss_cls: 0.1148, acc: 95.0703, loss_bbox: 0.2405, loss: 1.0041
2024-08-06 14:54:51,530 - mmdet - INFO - Epoch [10][500/1032]	lr: 5.000e-04, eta: 0:19:35, time: 0.471, data_time: 0.011, memory: 6195, i_loss: 0.1566, mask_loss: 0.4437, loss_rpn_cls: 0.0084, loss_rpn_bbox: 0.0341, loss_cls: 0.1188, acc: 95.0420, loss_bbox: 0.2535, loss: 1.0151
2024-08-06 14:55:15,387 - mmdet - INFO - Epoch [10][550/1032]	lr: 5.000e-04, eta: 0:19:12, time: 0.477, data_time: 0.011, memory: 6195, i_loss: 0.1566, mask_loss: 0.4583, loss_rpn_cls: 0.0086, loss_rpn_bbox: 0.0330, loss_cls: 0.1133, acc: 95.2578, loss_bbox: 0.2374, loss: 1.0073
2024-08-06 14:55:39,220 - mmdet - INFO - Epoch [10][600/1032]	lr: 5.000e-04, eta: 0:18:50, time: 0.477, data_time: 0.011, memory: 6195, i_loss: 0.1566, mask_loss: 0.4557, loss_rpn_cls: 0.0086, loss_rpn_bbox: 0.0343, loss_cls: 0.1149, acc: 95.0664, loss_bbox: 0.2446, loss: 1.0148
2024-08-06 14:56:02,302 - mmdet - INFO - Epoch [10][650/1032]	lr: 5.000e-04, eta: 0:18:27, time: 0.462, data_time: 0.010, memory: 6195, i_loss: 0.1566, mask_loss: 0.4544, loss_rpn_cls: 0.0067, loss_rpn_bbox: 0.0302, loss_cls: 0.1044, acc: 95.6094, loss_bbox: 0.2195, loss: 0.9717
2024-08-06 14:56:25,641 - mmdet - INFO - Epoch [10][700/1032]	lr: 5.000e-04, eta: 0:18:05, time: 0.467, data_time: 0.012, memory: 6195, i_loss: 0.1567, mask_loss: 0.4538, loss_rpn_cls: 0.0080, loss_rpn_bbox: 0.0290, loss_cls: 0.1028, acc: 95.7197, loss_bbox: 0.2161, loss: 0.9664
2024-08-06 14:56:48,826 - mmdet - INFO - Epoch [10][750/1032]	lr: 5.000e-04, eta: 0:17:42, time: 0.464, data_time: 0.010, memory: 6195, i_loss: 0.1566, mask_loss: 0.4516, loss_rpn_cls: 0.0088, loss_rpn_bbox: 0.0312, loss_cls: 0.1119, acc: 95.1641, loss_bbox: 0.2368, loss: 0.9970
2024-08-06 14:57:12,556 - mmdet - INFO - Epoch [10][800/1032]	lr: 5.000e-04, eta: 0:17:20, time: 0.475, data_time: 0.011, memory: 6195, i_loss: 0.1567, mask_loss: 0.4543, loss_rpn_cls: 0.0090, loss_rpn_bbox: 0.0358, loss_cls: 0.1124, acc: 95.1748, loss_bbox: 0.2373, loss: 1.0055
2024-08-06 14:57:35,734 - mmdet - INFO - Epoch [10][850/1032]	lr: 5.000e-04, eta: 0:16:57, time: 0.464, data_time: 0.010, memory: 6195, i_loss: 0.1566, mask_loss: 0.4548, loss_rpn_cls: 0.0086, loss_rpn_bbox: 0.0323, loss_cls: 0.1103, acc: 95.2949, loss_bbox: 0.2340, loss: 0.9966
2024-08-06 14:57:58,894 - mmdet - INFO - Epoch [10][900/1032]	lr: 5.000e-04, eta: 0:16:35, time: 0.463, data_time: 0.009, memory: 6195, i_loss: 0.1566, mask_loss: 0.4488, loss_rpn_cls: 0.0081, loss_rpn_bbox: 0.0303, loss_cls: 0.1100, acc: 95.2949, loss_bbox: 0.2337, loss: 0.9874
2024-08-06 14:58:21,892 - mmdet - INFO - Epoch [10][950/1032]	lr: 5.000e-04, eta: 0:16:12, time: 0.460, data_time: 0.010, memory: 6195, i_loss: 0.1566, mask_loss: 0.4516, loss_rpn_cls: 0.0082, loss_rpn_bbox: 0.0317, loss_cls: 0.1090, acc: 95.4414, loss_bbox: 0.2374, loss: 0.9945
2024-08-06 14:58:45,211 - mmdet - INFO - Epoch [10][1000/1032]	lr: 5.000e-04, eta: 0:15:50, time: 0.466, data_time: 0.010, memory: 6195, i_loss: 0.1566, mask_loss: 0.4477, loss_rpn_cls: 0.0079, loss_rpn_bbox: 0.0358, loss_cls: 0.1126, acc: 95.1836, loss_bbox: 0.2482, loss: 1.0089
2024-08-06 14:59:00,172 - mmdet - INFO - Saving checkpoint at 10 epochs
2024-08-06 15:00:10,945 - mmdet - INFO - Evaluating bbox...
2024-08-06 15:00:15,214 - mmdet - INFO - 
+----------+--------+----------+--------+----------+--------+
| category | AP50   | category | AP50   | category | AP50   |
+----------+--------+----------+--------+----------+--------+
| car      | 0.8783 | person   | 0.7848 | bicycle  | 0.5895 |
+----------+--------+----------+--------+----------+--------+
2024-08-06 15:00:15,249 - mmdet - INFO - Exp name: faster_rcnn_r50_fpn_tinet_flir.py
2024-08-06 15:00:15,249 - mmdet - INFO - Epoch(val) [10][1013]	bbox_mAP: 0.3578, bbox_mAP_50: 0.7509, bbox_mAP_75: 0.2842, bbox_mAP_s: 0.2397, bbox_mAP_m: 0.4182, bbox_mAP_l: 0.4719, bbox_mAP_copypaste: 0.3578 0.7509 0.2842 0.2397 0.4182 0.4719
2024-08-06 15:00:41,334 - mmdet - INFO - Epoch [11][50/1032]	lr: 5.000e-04, eta: 0:15:10, time: 0.521, data_time: 0.069, memory: 6195, i_loss: 0.1566, mask_loss: 0.4568, loss_rpn_cls: 0.0080, loss_rpn_bbox: 0.0324, loss_cls: 0.1055, acc: 95.5078, loss_bbox: 0.2222, loss: 0.9816
2024-08-06 15:01:04,825 - mmdet - INFO - Epoch [11][100/1032]	lr: 5.000e-04, eta: 0:14:48, time: 0.470, data_time: 0.011, memory: 6195, i_loss: 0.1566, mask_loss: 0.4525, loss_rpn_cls: 0.0099, loss_rpn_bbox: 0.0331, loss_cls: 0.1113, acc: 95.3164, loss_bbox: 0.2389, loss: 1.0023
2024-08-06 15:01:27,873 - mmdet - INFO - Epoch [11][150/1032]	lr: 5.000e-04, eta: 0:14:25, time: 0.461, data_time: 0.009, memory: 6195, i_loss: 0.1566, mask_loss: 0.4531, loss_rpn_cls: 0.0095, loss_rpn_bbox: 0.0353, loss_cls: 0.1136, acc: 95.2041, loss_bbox: 0.2433, loss: 1.0114
2024-08-06 15:01:50,948 - mmdet - INFO - Epoch [11][200/1032]	lr: 5.000e-04, eta: 0:14:03, time: 0.461, data_time: 0.009, memory: 6195, i_loss: 0.1566, mask_loss: 0.4499, loss_rpn_cls: 0.0082, loss_rpn_bbox: 0.0332, loss_cls: 0.1122, acc: 95.2373, loss_bbox: 0.2395, loss: 0.9996
2024-08-06 15:02:14,037 - mmdet - INFO - Epoch [11][250/1032]	lr: 5.000e-04, eta: 0:13:40, time: 0.462, data_time: 0.010, memory: 6195, i_loss: 0.1566, mask_loss: 0.4503, loss_rpn_cls: 0.0075, loss_rpn_bbox: 0.0320, loss_cls: 0.1072, acc: 95.3945, loss_bbox: 0.2370, loss: 0.9906
2024-08-06 15:02:37,186 - mmdet - INFO - Epoch [11][300/1032]	lr: 5.000e-04, eta: 0:13:18, time: 0.463, data_time: 0.011, memory: 6195, i_loss: 0.1566, mask_loss: 0.4553, loss_rpn_cls: 0.0074, loss_rpn_bbox: 0.0310, loss_cls: 0.1067, acc: 95.4092, loss_bbox: 0.2316, loss: 0.9886
2024-08-06 15:03:00,160 - mmdet - INFO - Epoch [11][350/1032]	lr: 5.000e-04, eta: 0:12:55, time: 0.459, data_time: 0.010, memory: 6195, i_loss: 0.1566, mask_loss: 0.4537, loss_rpn_cls: 0.0086, loss_rpn_bbox: 0.0301, loss_cls: 0.1014, acc: 95.7666, loss_bbox: 0.2231, loss: 0.9735
2024-08-06 15:03:23,600 - mmdet - INFO - Epoch [11][400/1032]	lr: 5.000e-04, eta: 0:12:33, time: 0.469, data_time: 0.012, memory: 6195, i_loss: 0.1566, mask_loss: 0.4502, loss_rpn_cls: 0.0083, loss_rpn_bbox: 0.0301, loss_cls: 0.1090, acc: 95.4092, loss_bbox: 0.2355, loss: 0.9898
2024-08-06 15:03:46,955 - mmdet - INFO - Epoch [11][450/1032]	lr: 5.000e-04, eta: 0:12:10, time: 0.467, data_time: 0.012, memory: 6195, i_loss: 0.1566, mask_loss: 0.4482, loss_rpn_cls: 0.0093, loss_rpn_bbox: 0.0334, loss_cls: 0.1072, acc: 95.4531, loss_bbox: 0.2305, loss: 0.9853
2024-08-06 15:04:10,484 - mmdet - INFO - Epoch [11][500/1032]	lr: 5.000e-04, eta: 0:11:48, time: 0.471, data_time: 0.011, memory: 6195, i_loss: 0.1566, mask_loss: 0.4510, loss_rpn_cls: 0.0098, loss_rpn_bbox: 0.0362, loss_cls: 0.1193, acc: 94.8154, loss_bbox: 0.2515, loss: 1.0245
2024-08-06 15:04:33,665 - mmdet - INFO - Epoch [11][550/1032]	lr: 5.000e-04, eta: 0:11:25, time: 0.464, data_time: 0.009, memory: 6195, i_loss: 0.1566, mask_loss: 0.4480, loss_rpn_cls: 0.0078, loss_rpn_bbox: 0.0309, loss_cls: 0.1120, acc: 95.3564, loss_bbox: 0.2406, loss: 0.9959
2024-08-06 15:04:57,117 - mmdet - INFO - Epoch [11][600/1032]	lr: 5.000e-04, eta: 0:11:03, time: 0.469, data_time: 0.011, memory: 6195, i_loss: 0.1566, mask_loss: 0.4524, loss_rpn_cls: 0.0072, loss_rpn_bbox: 0.0304, loss_cls: 0.1051, acc: 95.6074, loss_bbox: 0.2295, loss: 0.9812
2024-08-06 15:05:20,044 - mmdet - INFO - Epoch [11][650/1032]	lr: 5.000e-04, eta: 0:10:40, time: 0.459, data_time: 0.010, memory: 6195, i_loss: 0.1567, mask_loss: 0.4534, loss_rpn_cls: 0.0069, loss_rpn_bbox: 0.0297, loss_cls: 0.1001, acc: 95.8203, loss_bbox: 0.2256, loss: 0.9722
2024-08-06 15:05:43,280 - mmdet - INFO - Epoch [11][700/1032]	lr: 5.000e-04, eta: 0:10:17, time: 0.465, data_time: 0.011, memory: 6195, i_loss: 0.1566, mask_loss: 0.4515, loss_rpn_cls: 0.0079, loss_rpn_bbox: 0.0319, loss_cls: 0.1041, acc: 95.6250, loss_bbox: 0.2283, loss: 0.9802
2024-08-06 15:06:06,563 - mmdet - INFO - Epoch [11][750/1032]	lr: 5.000e-04, eta: 0:09:55, time: 0.466, data_time: 0.011, memory: 6195, i_loss: 0.1566, mask_loss: 0.4496, loss_rpn_cls: 0.0082, loss_rpn_bbox: 0.0341, loss_cls: 0.1136, acc: 95.1680, loss_bbox: 0.2431, loss: 1.0052
2024-08-06 15:06:29,803 - mmdet - INFO - Epoch [11][800/1032]	lr: 5.000e-04, eta: 0:09:32, time: 0.465, data_time: 0.010, memory: 6195, i_loss: 0.1567, mask_loss: 0.4515, loss_rpn_cls: 0.0069, loss_rpn_bbox: 0.0309, loss_cls: 0.1072, acc: 95.4395, loss_bbox: 0.2305, loss: 0.9838
2024-08-06 15:06:53,272 - mmdet - INFO - Epoch [11][850/1032]	lr: 5.000e-04, eta: 0:09:10, time: 0.469, data_time: 0.011, memory: 6195, i_loss: 0.1566, mask_loss: 0.4512, loss_rpn_cls: 0.0096, loss_rpn_bbox: 0.0357, loss_cls: 0.1131, acc: 95.2539, loss_bbox: 0.2425, loss: 1.0086
2024-08-06 15:07:16,355 - mmdet - INFO - Epoch [11][900/1032]	lr: 5.000e-04, eta: 0:08:47, time: 0.462, data_time: 0.010, memory: 6195, i_loss: 0.1566, mask_loss: 0.4552, loss_rpn_cls: 0.0075, loss_rpn_bbox: 0.0323, loss_cls: 0.1106, acc: 95.3281, loss_bbox: 0.2359, loss: 0.9981
2024-08-06 15:07:39,491 - mmdet - INFO - Epoch [11][950/1032]	lr: 5.000e-04, eta: 0:08:24, time: 0.463, data_time: 0.010, memory: 6195, i_loss: 0.1566, mask_loss: 0.4500, loss_rpn_cls: 0.0075, loss_rpn_bbox: 0.0315, loss_cls: 0.1085, acc: 95.3945, loss_bbox: 0.2310, loss: 0.9852
2024-08-06 15:08:02,819 - mmdet - INFO - Epoch [11][1000/1032]	lr: 5.000e-04, eta: 0:08:02, time: 0.467, data_time: 0.011, memory: 6195, i_loss: 0.1566, mask_loss: 0.4508, loss_rpn_cls: 0.0086, loss_rpn_bbox: 0.0348, loss_cls: 0.1166, acc: 95.1514, loss_bbox: 0.2473, loss: 1.0148
2024-08-06 15:08:17,855 - mmdet - INFO - Saving checkpoint at 11 epochs
2024-08-06 15:09:27,323 - mmdet - INFO - Evaluating bbox...
2024-08-06 15:09:31,359 - mmdet - INFO - 
+----------+--------+----------+--------+----------+--------+
| category | AP50   | category | AP50   | category | AP50   |
+----------+--------+----------+--------+----------+--------+
| car      | 0.8752 | person   | 0.7866 | bicycle  | 0.6407 |
+----------+--------+----------+--------+----------+--------+
2024-08-06 15:09:31,393 - mmdet - INFO - Exp name: faster_rcnn_r50_fpn_tinet_flir.py
2024-08-06 15:09:31,394 - mmdet - INFO - Epoch(val) [11][1013]	bbox_mAP: 0.3618, bbox_mAP_50: 0.7675, bbox_mAP_75: 0.2828, bbox_mAP_s: 0.2424, bbox_mAP_m: 0.4232, bbox_mAP_l: 0.4705, bbox_mAP_copypaste: 0.3618 0.7675 0.2828 0.2424 0.4232 0.4705
2024-08-06 15:09:58,111 - mmdet - INFO - Epoch [12][50/1032]	lr: 5.000e-05, eta: 0:07:24, time: 0.534, data_time: 0.070, memory: 6195, i_loss: 0.1566, mask_loss: 0.4515, loss_rpn_cls: 0.0079, loss_rpn_bbox: 0.0330, loss_cls: 0.1100, acc: 95.2803, loss_bbox: 0.2372, loss: 0.9962
2024-08-06 15:10:21,408 - mmdet - INFO - Epoch [12][100/1032]	lr: 5.000e-05, eta: 0:07:01, time: 0.466, data_time: 0.009, memory: 6195, i_loss: 0.1566, mask_loss: 0.4477, loss_rpn_cls: 0.0092, loss_rpn_bbox: 0.0355, loss_cls: 0.1189, acc: 94.9160, loss_bbox: 0.2545, loss: 1.0225
2024-08-06 15:10:44,911 - mmdet - INFO - Epoch [12][150/1032]	lr: 5.000e-05, eta: 0:06:39, time: 0.470, data_time: 0.010, memory: 6195, i_loss: 0.1566, mask_loss: 0.4484, loss_rpn_cls: 0.0080, loss_rpn_bbox: 0.0335, loss_cls: 0.1116, acc: 95.2959, loss_bbox: 0.2376, loss: 0.9958
2024-08-06 15:11:08,043 - mmdet - INFO - Epoch [12][200/1032]	lr: 5.000e-05, eta: 0:06:16, time: 0.463, data_time: 0.010, memory: 6195, i_loss: 0.1566, mask_loss: 0.4498, loss_rpn_cls: 0.0075, loss_rpn_bbox: 0.0309, loss_cls: 0.1078, acc: 95.5234, loss_bbox: 0.2335, loss: 0.9862
2024-08-06 15:11:31,085 - mmdet - INFO - Epoch [12][250/1032]	lr: 5.000e-05, eta: 0:05:53, time: 0.461, data_time: 0.010, memory: 6195, i_loss: 0.1566, mask_loss: 0.4537, loss_rpn_cls: 0.0074, loss_rpn_bbox: 0.0354, loss_cls: 0.1072, acc: 95.4385, loss_bbox: 0.2317, loss: 0.9921
2024-08-06 15:11:54,033 - mmdet - INFO - Epoch [12][300/1032]	lr: 5.000e-05, eta: 0:05:31, time: 0.459, data_time: 0.009, memory: 6195, i_loss: 0.1566, mask_loss: 0.4521, loss_rpn_cls: 0.0080, loss_rpn_bbox: 0.0337, loss_cls: 0.1084, acc: 95.4170, loss_bbox: 0.2356, loss: 0.9945
2024-08-06 15:12:17,098 - mmdet - INFO - Epoch [12][350/1032]	lr: 5.000e-05, eta: 0:05:08, time: 0.461, data_time: 0.011, memory: 6195, i_loss: 0.1566, mask_loss: 0.4508, loss_rpn_cls: 0.0072, loss_rpn_bbox: 0.0324, loss_cls: 0.1014, acc: 95.8027, loss_bbox: 0.2226, loss: 0.9711
2024-08-06 15:12:40,450 - mmdet - INFO - Epoch [12][400/1032]	lr: 5.000e-05, eta: 0:04:46, time: 0.467, data_time: 0.011, memory: 6195, i_loss: 0.1566, mask_loss: 0.4512, loss_rpn_cls: 0.0073, loss_rpn_bbox: 0.0316, loss_cls: 0.0991, acc: 95.8145, loss_bbox: 0.2230, loss: 0.9689
2024-08-06 15:13:03,696 - mmdet - INFO - Epoch [12][450/1032]	lr: 5.000e-05, eta: 0:04:23, time: 0.465, data_time: 0.011, memory: 6195, i_loss: 0.1566, mask_loss: 0.4502, loss_rpn_cls: 0.0085, loss_rpn_bbox: 0.0318, loss_cls: 0.1057, acc: 95.6025, loss_bbox: 0.2242, loss: 0.9771
2024-08-06 15:13:26,662 - mmdet - INFO - Epoch [12][500/1032]	lr: 5.000e-05, eta: 0:04:00, time: 0.459, data_time: 0.009, memory: 6195, i_loss: 0.1567, mask_loss: 0.4482, loss_rpn_cls: 0.0077, loss_rpn_bbox: 0.0331, loss_cls: 0.1109, acc: 95.3242, loss_bbox: 0.2336, loss: 0.9901
2024-08-06 15:13:49,833 - mmdet - INFO - Epoch [12][550/1032]	lr: 5.000e-05, eta: 0:03:38, time: 0.463, data_time: 0.009, memory: 6195, i_loss: 0.1567, mask_loss: 0.4536, loss_rpn_cls: 0.0072, loss_rpn_bbox: 0.0309, loss_cls: 0.1093, acc: 95.4492, loss_bbox: 0.2345, loss: 0.9923
2024-08-06 15:14:13,101 - mmdet - INFO - Epoch [12][600/1032]	lr: 5.000e-05, eta: 0:03:15, time: 0.465, data_time: 0.010, memory: 6195, i_loss: 0.1566, mask_loss: 0.4503, loss_rpn_cls: 0.0067, loss_rpn_bbox: 0.0333, loss_cls: 0.1088, acc: 95.3818, loss_bbox: 0.2210, loss: 0.9767
2024-08-06 15:14:36,350 - mmdet - INFO - Epoch [12][650/1032]	lr: 5.000e-05, eta: 0:02:53, time: 0.465, data_time: 0.010, memory: 6195, i_loss: 0.1566, mask_loss: 0.4535, loss_rpn_cls: 0.0066, loss_rpn_bbox: 0.0269, loss_cls: 0.0980, acc: 95.9033, loss_bbox: 0.2114, loss: 0.9530
2024-08-06 15:14:59,623 - mmdet - INFO - Epoch [12][700/1032]	lr: 5.000e-05, eta: 0:02:30, time: 0.465, data_time: 0.011, memory: 6195, i_loss: 0.1567, mask_loss: 0.4565, loss_rpn_cls: 0.0073, loss_rpn_bbox: 0.0314, loss_cls: 0.1058, acc: 95.5371, loss_bbox: 0.2295, loss: 0.9872
2024-08-06 15:15:22,602 - mmdet - INFO - Epoch [12][750/1032]	lr: 5.000e-05, eta: 0:02:07, time: 0.460, data_time: 0.010, memory: 6195, i_loss: 0.1566, mask_loss: 0.4552, loss_rpn_cls: 0.0069, loss_rpn_bbox: 0.0294, loss_cls: 0.1019, acc: 95.5957, loss_bbox: 0.2185, loss: 0.9685
2024-08-06 15:15:45,655 - mmdet - INFO - Epoch [12][800/1032]	lr: 5.000e-05, eta: 0:01:45, time: 0.461, data_time: 0.010, memory: 6195, i_loss: 0.1566, mask_loss: 0.4570, loss_rpn_cls: 0.0070, loss_rpn_bbox: 0.0238, loss_cls: 0.0937, acc: 96.0166, loss_bbox: 0.2056, loss: 0.9436
2024-08-06 15:16:08,854 - mmdet - INFO - Epoch [12][850/1032]	lr: 5.000e-05, eta: 0:01:22, time: 0.464, data_time: 0.010, memory: 6195, i_loss: 0.1566, mask_loss: 0.4444, loss_rpn_cls: 0.0082, loss_rpn_bbox: 0.0344, loss_cls: 0.1129, acc: 95.1201, loss_bbox: 0.2496, loss: 1.0062
2024-08-06 15:16:32,180 - mmdet - INFO - Epoch [12][900/1032]	lr: 5.000e-05, eta: 0:00:59, time: 0.467, data_time: 0.011, memory: 6195, i_loss: 0.1566, mask_loss: 0.4591, loss_rpn_cls: 0.0075, loss_rpn_bbox: 0.0264, loss_cls: 0.0956, acc: 95.9961, loss_bbox: 0.2111, loss: 0.9563
2024-08-06 15:16:55,841 - mmdet - INFO - Epoch [12][950/1032]	lr: 5.000e-05, eta: 0:00:37, time: 0.473, data_time: 0.012, memory: 6195, i_loss: 0.1567, mask_loss: 0.4477, loss_rpn_cls: 0.0076, loss_rpn_bbox: 0.0341, loss_cls: 0.1086, acc: 95.4053, loss_bbox: 0.2321, loss: 0.9868
2024-08-06 15:17:19,100 - mmdet - INFO - Epoch [12][1000/1032]	lr: 5.000e-05, eta: 0:00:14, time: 0.465, data_time: 0.010, memory: 6195, i_loss: 0.1567, mask_loss: 0.4526, loss_rpn_cls: 0.0071, loss_rpn_bbox: 0.0296, loss_cls: 0.1021, acc: 95.7549, loss_bbox: 0.2219, loss: 0.9700
2024-08-06 15:17:34,268 - mmdet - INFO - Saving checkpoint at 12 epochs
2024-08-06 15:18:42,701 - mmdet - INFO - Evaluating bbox...
2024-08-06 15:18:46,594 - mmdet - INFO - 
+----------+--------+----------+--------+----------+--------+
| category | AP50   | category | AP50   | category | AP50   |
+----------+--------+----------+--------+----------+--------+
| car      | 0.8765 | person   | 0.7874 | bicycle  | 0.6152 |
+----------+--------+----------+--------+----------+--------+
2024-08-06 15:18:46,626 - mmdet - INFO - Exp name: faster_rcnn_r50_fpn_tinet_flir.py
2024-08-06 15:18:46,627 - mmdet - INFO - Epoch(val) [12][1013]	bbox_mAP: 0.3629, bbox_mAP_50: 0.7597, bbox_mAP_75: 0.2914, bbox_mAP_s: 0.2447, bbox_mAP_m: 0.4225, bbox_mAP_l: 0.4747, bbox_mAP_copypaste: 0.3629 0.7597 0.2914 0.2447 0.4225 0.4747
